04-Sep-2016 23:20:14.706 INFO [main] org.apache.catalina.startup.VersionLoggerListener.log Server version:        Apache Tomcat/8.0.24
04-Sep-2016 23:20:14.714 INFO [main] org.apache.catalina.startup.VersionLoggerListener.log Server built:          Jul 1 2015 20:19:55 UTC
04-Sep-2016 23:20:14.716 INFO [main] org.apache.catalina.startup.VersionLoggerListener.log Server number:         8.0.24.0
04-Sep-2016 23:20:14.716 INFO [main] org.apache.catalina.startup.VersionLoggerListener.log OS Name:               Windows 10
04-Sep-2016 23:20:14.717 INFO [main] org.apache.catalina.startup.VersionLoggerListener.log OS Version:            10.0
04-Sep-2016 23:20:14.717 INFO [main] org.apache.catalina.startup.VersionLoggerListener.log Architecture:          amd64
04-Sep-2016 23:20:14.717 INFO [main] org.apache.catalina.startup.VersionLoggerListener.log Java Home:             C:\Program Files\Java\jdk1.8.0_92\jre
04-Sep-2016 23:20:14.718 INFO [main] org.apache.catalina.startup.VersionLoggerListener.log JVM Version:           1.8.0_92-b14
04-Sep-2016 23:20:14.718 INFO [main] org.apache.catalina.startup.VersionLoggerListener.log JVM Vendor:            Oracle Corporation
04-Sep-2016 23:20:14.718 INFO [main] org.apache.catalina.startup.VersionLoggerListener.log CATALINA_BASE:         C:\Users\Gabriel\Desktop\LP3---Ambiente-Configurado\apache-tomcat-8.0.24
04-Sep-2016 23:20:14.719 INFO [main] org.apache.catalina.startup.VersionLoggerListener.log CATALINA_HOME:         C:\Users\Gabriel\Desktop\LP3---Ambiente-Configurado\apache-tomcat-8.0.24
04-Sep-2016 23:20:14.719 INFO [main] org.apache.catalina.startup.VersionLoggerListener.log Command line argument: -Djava.util.logging.config.file=C:\Users\Gabriel\Desktop\LP3---Ambiente-Configurado\apache-tomcat-8.0.24\conf\logging.properties
04-Sep-2016 23:20:14.720 INFO [main] org.apache.catalina.startup.VersionLoggerListener.log Command line argument: -Djava.util.logging.manager=org.apache.juli.ClassLoaderLogManager
04-Sep-2016 23:20:14.720 INFO [main] org.apache.catalina.startup.VersionLoggerListener.log Command line argument: -Djava.endorsed.dirs=C:\Users\Gabriel\Desktop\LP3---Ambiente-Configurado\apache-tomcat-8.0.24\endorsed
04-Sep-2016 23:20:14.721 INFO [main] org.apache.catalina.startup.VersionLoggerListener.log Command line argument: -Dcatalina.base=C:\Users\Gabriel\Desktop\LP3---Ambiente-Configurado\apache-tomcat-8.0.24
04-Sep-2016 23:20:14.721 INFO [main] org.apache.catalina.startup.VersionLoggerListener.log Command line argument: -Dcatalina.home=C:\Users\Gabriel\Desktop\LP3---Ambiente-Configurado\apache-tomcat-8.0.24
04-Sep-2016 23:20:14.722 INFO [main] org.apache.catalina.startup.VersionLoggerListener.log Command line argument: -Djava.io.tmpdir=C:\Users\Gabriel\Desktop\LP3---Ambiente-Configurado\apache-tomcat-8.0.24\temp
04-Sep-2016 23:20:14.723 INFO [main] org.apache.catalina.core.AprLifecycleListener.lifecycleEvent The APR based Apache Tomcat Native library which allows optimal performance in production environments was not found on the java.library.path: C:\Program Files\Java\jdk1.8.0_92\bin;C:\Windows\Sun\Java\bin;C:\Windows\system32;C:\Windows;C:\ProgramData\Oracle\Java\javapath;C:\Windows\system32;C:\Windows;C:\Windows\System32\Wbem;C:\Windows\System32\WindowsPowerShell\v1.0\;C:\Program Files (x86)\Skype\Phone\;C:\Windows\system32\config\systemprofile\.dnx\bin;C:\Program Files\Microsoft DNX\Dnvm\;C:\Program Files\Microsoft SQL Server\130\Tools\Binn\;C:\Program Files (x86)\MySQL\MySQL Fabric 1.5 & MySQL Utilities 1.5\;C:\Program Files (x86)\MySQL\MySQL Fabric 1.5 & MySQL Utilities 1.5\Doctrine extensions for PHP\;C:\Program Files\nodejs\;C:\Program Files\Git\cmd;C:\Program Files\TortoiseGit\bin;C:\Program Files\Java\jdk1.8.0_92;C:\Users\Gabriel\AppData\Roaming\npm;.
04-Sep-2016 23:20:20.490 INFO [main] org.apache.coyote.AbstractProtocol.init Initializing ProtocolHandler ["http-nio-8080"]
04-Sep-2016 23:20:22.595 INFO [main] org.apache.tomcat.util.net.NioSelectorPool.getSharedSelector Using a shared selector for servlet write/read
04-Sep-2016 23:20:22.605 INFO [main] org.apache.coyote.AbstractProtocol.init Initializing ProtocolHandler ["ajp-nio-8009"]
04-Sep-2016 23:20:22.642 INFO [main] org.apache.tomcat.util.net.NioSelectorPool.getSharedSelector Using a shared selector for servlet write/read
04-Sep-2016 23:20:22.643 INFO [main] org.apache.catalina.startup.Catalina.load Initialization processed in 20979 ms
04-Sep-2016 23:20:23.303 INFO [main] org.apache.catalina.core.StandardService.startInternal Starting service Catalina
04-Sep-2016 23:20:23.304 INFO [main] org.apache.catalina.core.StandardEngine.startInternal Starting Servlet Engine: Apache Tomcat/8.0.24
04-Sep-2016 23:20:23.901 INFO [localhost-startStop-1] org.apache.catalina.startup.HostConfig.deployWAR Deploying web application archive C:\Users\Gabriel\Desktop\LP3---Ambiente-Configurado\apache-tomcat-8.0.24\webapps\AppExemplo.war
04-Sep-2016 23:20:28.168 INFO [localhost-startStop-1] org.apache.catalina.util.SessionIdGeneratorBase.createSecureRandom Creation of SecureRandom instance for session ID generation using [SHA1PRNG] took [935] milliseconds.
04-Sep-2016 23:20:28.642 INFO [localhost-startStop-1] org.apache.catalina.startup.HostConfig.deployWAR Deployment of web application archive C:\Users\Gabriel\Desktop\LP3---Ambiente-Configurado\apache-tomcat-8.0.24\webapps\AppExemplo.war has finished in 4,742 ms
04-Sep-2016 23:20:28.788 INFO [localhost-startStop-1] org.apache.catalina.startup.HostConfig.deployWAR Deploying web application archive C:\Users\Gabriel\Desktop\LP3---Ambiente-Configurado\apache-tomcat-8.0.24\webapps\appLp3.war
04-Sep-2016 23:20:32.954 INFO [localhost-startStop-1] org.apache.jasper.servlet.TldScanner.scanJars At least one JAR was scanned for TLDs yet contained no TLDs. Enable debug logging for this logger for a complete list of JARs that were scanned but no TLDs were found in them. Skipping unneeded JARs during scanning can improve startup time and JSP compilation time.
04-Sep-2016 23:20:33.025 INFO [localhost-startStop-1] org.apache.catalina.startup.HostConfig.deployWAR Deployment of web application archive C:\Users\Gabriel\Desktop\LP3---Ambiente-Configurado\apache-tomcat-8.0.24\webapps\appLp3.war has finished in 4,237 ms
04-Sep-2016 23:20:33.027 INFO [localhost-startStop-1] org.apache.catalina.startup.HostConfig.deployDirectory Deploying web application directory C:\Users\Gabriel\Desktop\LP3---Ambiente-Configurado\apache-tomcat-8.0.24\webapps\docs
04-Sep-2016 23:20:33.297 INFO [localhost-startStop-1] org.apache.catalina.startup.HostConfig.deployDirectory Deployment of web application directory C:\Users\Gabriel\Desktop\LP3---Ambiente-Configurado\apache-tomcat-8.0.24\webapps\docs has finished in 271 ms
04-Sep-2016 23:20:33.298 INFO [localhost-startStop-1] org.apache.catalina.startup.HostConfig.deployDirectory Deploying web application directory C:\Users\Gabriel\Desktop\LP3---Ambiente-Configurado\apache-tomcat-8.0.24\webapps\examples
04-Sep-2016 23:20:48.573 INFO [localhost-startStop-1] org.apache.catalina.startup.HostConfig.deployDirectory Deployment of web application directory C:\Users\Gabriel\Desktop\LP3---Ambiente-Configurado\apache-tomcat-8.0.24\webapps\examples has finished in 15,275 ms
04-Sep-2016 23:20:48.573 INFO [localhost-startStop-1] org.apache.catalina.startup.HostConfig.deployDirectory Deploying web application directory C:\Users\Gabriel\Desktop\LP3---Ambiente-Configurado\apache-tomcat-8.0.24\webapps\host-manager
04-Sep-2016 23:20:48.719 INFO [localhost-startStop-1] org.apache.catalina.startup.HostConfig.deployDirectory Deployment of web application directory C:\Users\Gabriel\Desktop\LP3---Ambiente-Configurado\apache-tomcat-8.0.24\webapps\host-manager has finished in 146 ms
04-Sep-2016 23:20:48.720 INFO [localhost-startStop-1] org.apache.catalina.startup.HostConfig.deployDirectory Deploying web application directory C:\Users\Gabriel\Desktop\LP3---Ambiente-Configurado\apache-tomcat-8.0.24\webapps\manager
04-Sep-2016 23:20:48.890 INFO [localhost-startStop-1] org.apache.catalina.startup.HostConfig.deployDirectory Deployment of web application directory C:\Users\Gabriel\Desktop\LP3---Ambiente-Configurado\apache-tomcat-8.0.24\webapps\manager has finished in 169 ms
04-Sep-2016 23:20:48.890 INFO [localhost-startStop-1] org.apache.catalina.startup.HostConfig.deployDirectory Deploying web application directory C:\Users\Gabriel\Desktop\LP3---Ambiente-Configurado\apache-tomcat-8.0.24\webapps\ROOT
04-Sep-2016 23:20:48.939 INFO [localhost-startStop-1] org.apache.catalina.startup.HostConfig.deployDirectory Deployment of web application directory C:\Users\Gabriel\Desktop\LP3---Ambiente-Configurado\apache-tomcat-8.0.24\webapps\ROOT has finished in 49 ms
04-Sep-2016 23:20:48.943 INFO [main] org.apache.coyote.AbstractProtocol.start Starting ProtocolHandler ["http-nio-8080"]
04-Sep-2016 23:20:48.950 INFO [main] org.apache.coyote.AbstractProtocol.start Starting ProtocolHandler ["ajp-nio-8009"]
04-Sep-2016 23:20:48.953 INFO [main] org.apache.catalina.startup.Catalina.start Server startup in 26307 ms
04-Sep-2016 23:21:20.389 INFO [main] org.apache.catalina.startup.VersionLoggerListener.log Server version:        Apache Tomcat/8.0.24
04-Sep-2016 23:21:20.391 INFO [main] org.apache.catalina.startup.VersionLoggerListener.log Server built:          Jul 1 2015 20:19:55 UTC
04-Sep-2016 23:21:20.391 INFO [main] org.apache.catalina.startup.VersionLoggerListener.log Server number:         8.0.24.0
04-Sep-2016 23:21:20.392 INFO [main] org.apache.catalina.startup.VersionLoggerListener.log OS Name:               Windows 10
04-Sep-2016 23:21:20.392 INFO [main] org.apache.catalina.startup.VersionLoggerListener.log OS Version:            10.0
04-Sep-2016 23:21:20.392 INFO [main] org.apache.catalina.startup.VersionLoggerListener.log Architecture:          amd64
04-Sep-2016 23:21:20.393 INFO [main] org.apache.catalina.startup.VersionLoggerListener.log Java Home:             C:\Program Files\Java\jdk1.8.0_92\jre
04-Sep-2016 23:21:20.393 INFO [main] org.apache.catalina.startup.VersionLoggerListener.log JVM Version:           1.8.0_92-b14
04-Sep-2016 23:21:20.393 INFO [main] org.apache.catalina.startup.VersionLoggerListener.log JVM Vendor:            Oracle Corporation
04-Sep-2016 23:21:20.393 INFO [main] org.apache.catalina.startup.VersionLoggerListener.log CATALINA_BASE:         C:\Users\Gabriel\Desktop\LP3---Ambiente-Configurado\apache-tomcat-8.0.24
04-Sep-2016 23:21:20.394 INFO [main] org.apache.catalina.startup.VersionLoggerListener.log CATALINA_HOME:         C:\Users\Gabriel\Desktop\LP3---Ambiente-Configurado\apache-tomcat-8.0.24
04-Sep-2016 23:21:20.394 INFO [main] org.apache.catalina.startup.VersionLoggerListener.log Command line argument: -Djava.util.logging.config.file=C:\Users\Gabriel\Desktop\LP3---Ambiente-Configurado\apache-tomcat-8.0.24\conf\logging.properties
04-Sep-2016 23:21:20.395 INFO [main] org.apache.catalina.startup.VersionLoggerListener.log Command line argument: -Djava.util.logging.manager=org.apache.juli.ClassLoaderLogManager
04-Sep-2016 23:21:20.395 INFO [main] org.apache.catalina.startup.VersionLoggerListener.log Command line argument: -Djava.endorsed.dirs=C:\Users\Gabriel\Desktop\LP3---Ambiente-Configurado\apache-tomcat-8.0.24\endorsed
04-Sep-2016 23:21:20.395 INFO [main] org.apache.catalina.startup.VersionLoggerListener.log Command line argument: -Dcatalina.base=C:\Users\Gabriel\Desktop\LP3---Ambiente-Configurado\apache-tomcat-8.0.24
04-Sep-2016 23:21:20.395 INFO [main] org.apache.catalina.startup.VersionLoggerListener.log Command line argument: -Dcatalina.home=C:\Users\Gabriel\Desktop\LP3---Ambiente-Configurado\apache-tomcat-8.0.24
04-Sep-2016 23:21:20.396 INFO [main] org.apache.catalina.startup.VersionLoggerListener.log Command line argument: -Djava.io.tmpdir=C:\Users\Gabriel\Desktop\LP3---Ambiente-Configurado\apache-tomcat-8.0.24\temp
04-Sep-2016 23:21:20.397 INFO [main] org.apache.catalina.core.AprLifecycleListener.lifecycleEvent The APR based Apache Tomcat Native library which allows optimal performance in production environments was not found on the java.library.path: C:\Program Files\Java\jdk1.8.0_92\bin;C:\Windows\Sun\Java\bin;C:\Windows\system32;C:\Windows;C:\ProgramData\Oracle\Java\javapath;C:\Windows\system32;C:\Windows;C:\Windows\System32\Wbem;C:\Windows\System32\WindowsPowerShell\v1.0\;C:\Program Files (x86)\Skype\Phone\;C:\Windows\system32\config\systemprofile\.dnx\bin;C:\Program Files\Microsoft DNX\Dnvm\;C:\Program Files\Microsoft SQL Server\130\Tools\Binn\;C:\Program Files (x86)\MySQL\MySQL Fabric 1.5 & MySQL Utilities 1.5\;C:\Program Files (x86)\MySQL\MySQL Fabric 1.5 & MySQL Utilities 1.5\Doctrine extensions for PHP\;C:\Program Files\nodejs\;C:\Program Files\Git\cmd;C:\Program Files\TortoiseGit\bin;C:\Program Files\Java\jdk1.8.0_92;C:\Users\Gabriel\AppData\Roaming\npm;.
04-Sep-2016 23:21:20.578 INFO [main] org.apache.coyote.AbstractProtocol.init Initializing ProtocolHandler ["http-nio-8080"]
04-Sep-2016 23:21:20.663 INFO [main] org.apache.tomcat.util.net.NioSelectorPool.getSharedSelector Using a shared selector for servlet write/read
04-Sep-2016 23:21:20.667 INFO [main] org.apache.coyote.AbstractProtocol.init Initializing ProtocolHandler ["ajp-nio-8009"]
04-Sep-2016 23:21:20.671 INFO [main] org.apache.tomcat.util.net.NioSelectorPool.getSharedSelector Using a shared selector for servlet write/read
04-Sep-2016 23:21:20.672 INFO [main] org.apache.catalina.startup.Catalina.load Initialization processed in 800 ms
04-Sep-2016 23:21:20.704 INFO [main] org.apache.catalina.core.StandardService.startInternal Starting service Catalina
04-Sep-2016 23:21:20.705 INFO [main] org.apache.catalina.core.StandardEngine.startInternal Starting Servlet Engine: Apache Tomcat/8.0.24
04-Sep-2016 23:21:20.733 INFO [localhost-startStop-1] org.apache.catalina.startup.HostConfig.deployWAR Deploying web application archive C:\Users\Gabriel\Desktop\LP3---Ambiente-Configurado\apache-tomcat-8.0.24\webapps\AppExemplo.war
04-Sep-2016 23:21:21.085 INFO [localhost-startStop-1] org.apache.catalina.startup.HostConfig.deployWAR Deployment of web application archive C:\Users\Gabriel\Desktop\LP3---Ambiente-Configurado\apache-tomcat-8.0.24\webapps\AppExemplo.war has finished in 351 ms
04-Sep-2016 23:21:21.086 INFO [localhost-startStop-1] org.apache.catalina.startup.HostConfig.deployWAR Deploying web application archive C:\Users\Gabriel\Desktop\LP3---Ambiente-Configurado\apache-tomcat-8.0.24\webapps\appLp3.war
04-Sep-2016 23:21:21.379 INFO [localhost-startStop-1] org.apache.jasper.servlet.TldScanner.scanJars At least one JAR was scanned for TLDs yet contained no TLDs. Enable debug logging for this logger for a complete list of JARs that were scanned but no TLDs were found in them. Skipping unneeded JARs during scanning can improve startup time and JSP compilation time.
04-Sep-2016 23:21:21.387 INFO [localhost-startStop-1] org.apache.catalina.startup.HostConfig.deployWAR Deployment of web application archive C:\Users\Gabriel\Desktop\LP3---Ambiente-Configurado\apache-tomcat-8.0.24\webapps\appLp3.war has finished in 301 ms
04-Sep-2016 23:21:21.390 INFO [localhost-startStop-1] org.apache.catalina.startup.HostConfig.deployDirectory Deploying web application directory C:\Users\Gabriel\Desktop\LP3---Ambiente-Configurado\apache-tomcat-8.0.24\webapps\docs
04-Sep-2016 23:21:21.425 INFO [localhost-startStop-1] org.apache.catalina.startup.HostConfig.deployDirectory Deployment of web application directory C:\Users\Gabriel\Desktop\LP3---Ambiente-Configurado\apache-tomcat-8.0.24\webapps\docs has finished in 35 ms
04-Sep-2016 23:21:21.425 INFO [localhost-startStop-1] org.apache.catalina.startup.HostConfig.deployDirectory Deploying web application directory C:\Users\Gabriel\Desktop\LP3---Ambiente-Configurado\apache-tomcat-8.0.24\webapps\examples
04-Sep-2016 23:21:21.887 INFO [localhost-startStop-1] org.apache.catalina.startup.HostConfig.deployDirectory Deployment of web application directory C:\Users\Gabriel\Desktop\LP3---Ambiente-Configurado\apache-tomcat-8.0.24\webapps\examples has finished in 462 ms
04-Sep-2016 23:21:21.888 INFO [localhost-startStop-1] org.apache.catalina.startup.HostConfig.deployDirectory Deploying web application directory C:\Users\Gabriel\Desktop\LP3---Ambiente-Configurado\apache-tomcat-8.0.24\webapps\host-manager
04-Sep-2016 23:21:21.928 INFO [localhost-startStop-1] org.apache.catalina.startup.HostConfig.deployDirectory Deployment of web application directory C:\Users\Gabriel\Desktop\LP3---Ambiente-Configurado\apache-tomcat-8.0.24\webapps\host-manager has finished in 40 ms
04-Sep-2016 23:21:21.928 INFO [localhost-startStop-1] org.apache.catalina.startup.HostConfig.deployDirectory Deploying web application directory C:\Users\Gabriel\Desktop\LP3---Ambiente-Configurado\apache-tomcat-8.0.24\webapps\manager
04-Sep-2016 23:21:21.969 INFO [localhost-startStop-1] org.apache.catalina.startup.HostConfig.deployDirectory Deployment of web application directory C:\Users\Gabriel\Desktop\LP3---Ambiente-Configurado\apache-tomcat-8.0.24\webapps\manager has finished in 41 ms
04-Sep-2016 23:21:21.970 INFO [localhost-startStop-1] org.apache.catalina.startup.HostConfig.deployDirectory Deploying web application directory C:\Users\Gabriel\Desktop\LP3---Ambiente-Configurado\apache-tomcat-8.0.24\webapps\ROOT
04-Sep-2016 23:21:22.004 INFO [localhost-startStop-1] org.apache.catalina.startup.HostConfig.deployDirectory Deployment of web application directory C:\Users\Gabriel\Desktop\LP3---Ambiente-Configurado\apache-tomcat-8.0.24\webapps\ROOT has finished in 33 ms
04-Sep-2016 23:21:22.009 INFO [main] org.apache.coyote.AbstractProtocol.start Starting ProtocolHandler ["http-nio-8080"]
04-Sep-2016 23:21:22.019 INFO [main] org.apache.coyote.AbstractProtocol.start Starting ProtocolHandler ["ajp-nio-8009"]
04-Sep-2016 23:21:22.023 INFO [main] org.apache.catalina.startup.Catalina.start Server startup in 1349 ms
04-Sep-2016 23:23:05.185 WARNING [http-nio-8080-exec-8] org.apache.catalina.loader.WebappClassLoaderBase.clearReferencesJdbc The web application [appLp3] registered the JDBC driver [org.apache.derby.jdbc.ClientDriver40] but failed to unregister it when the web application was stopped. To prevent a memory leak, the JDBC Driver has been forcibly unregistered.
04-Sep-2016 23:23:05.845 INFO [http-nio-8080-exec-8] org.apache.catalina.startup.HostConfig.undeploy Undeploying context [/appLp3]
04-Sep-2016 23:23:13.199 INFO [http-nio-8080-exec-3] org.apache.catalina.startup.HostConfig.deployWAR Deploying web application archive C:\Users\Gabriel\Desktop\LP3---Ambiente-Configurado\apache-tomcat-8.0.24\webapps\appLp3.war
04-Sep-2016 23:23:16.284 INFO [http-nio-8080-exec-3] org.apache.jasper.servlet.TldScanner.scanJars At least one JAR was scanned for TLDs yet contained no TLDs. Enable debug logging for this logger for a complete list of JARs that were scanned but no TLDs were found in them. Skipping unneeded JARs during scanning can improve startup time and JSP compilation time.
04-Sep-2016 23:23:16.294 INFO [http-nio-8080-exec-3] org.apache.catalina.startup.HostConfig.deployWAR Deployment of web application archive C:\Users\Gabriel\Desktop\LP3---Ambiente-Configurado\apache-tomcat-8.0.24\webapps\appLp3.war has finished in 3,095 ms
04-Sep-2016 23:23:22.372 WARN [http-nio-8080-exec-11] null.null HHH015016: Encountered a deprecated javax.persistence.spi.PersistenceProvider [org.hibernate.ejb.HibernatePersistence]; use [org.hibernate.jpa.HibernatePersistenceProvider] instead.
04-Sep-2016 23:23:22.373 WARN [http-nio-8080-exec-11] org.hibernate.ejb.HibernatePersistence.logDeprecation HHH015016: Encountered a deprecated javax.persistence.spi.PersistenceProvider [org.hibernate.ejb.HibernatePersistence]; use [org.hibernate.jpa.HibernatePersistenceProvider] instead.
04-Sep-2016 23:23:22.373 WARN [http-nio-8080-exec-11] null.null HHH015016: Encountered a deprecated javax.persistence.spi.PersistenceProvider [org.hibernate.ejb.HibernatePersistence]; use [org.hibernate.jpa.HibernatePersistenceProvider] instead.
04-Sep-2016 23:23:22.660 INFO [http-nio-8080-exec-11] org.hibernate.jpa.internal.util.LogHelper.logPersistenceUnitInformation HHH000204: Processing PersistenceUnitInfo [
	name: UsuarioPU
	...]
04-Sep-2016 23:23:22.838 INFO [http-nio-8080-exec-11] org.hibernate.Version.logVersion HHH000412: Hibernate Core {4.3.1.Final}
04-Sep-2016 23:23:22.842 INFO [http-nio-8080-exec-11] null.null HHH000206: hibernate.properties not found
04-Sep-2016 23:23:22.845 INFO [http-nio-8080-exec-11] null.null HHH000021: Bytecode provider name : javassist
04-Sep-2016 23:31:03.814 WARNING [http-nio-8080-exec-12] org.apache.catalina.loader.WebappClassLoaderBase.clearReferencesJdbc The web application [appLp3] registered the JDBC driver [org.apache.derby.jdbc.ClientDriver40] but failed to unregister it when the web application was stopped. To prevent a memory leak, the JDBC Driver has been forcibly unregistered.
04-Sep-2016 23:31:04.663 INFO [http-nio-8080-exec-12] org.apache.catalina.startup.HostConfig.undeploy Undeploying context [/appLp3]
04-Sep-2016 23:31:14.214 INFO [http-nio-8080-exec-13] org.apache.catalina.startup.HostConfig.deployWAR Deploying web application archive C:\Users\Gabriel\Desktop\LP3---Ambiente-Configurado\apache-tomcat-8.0.24\webapps\appLp3.war
04-Sep-2016 23:31:17.432 INFO [http-nio-8080-exec-13] org.apache.jasper.servlet.TldScanner.scanJars At least one JAR was scanned for TLDs yet contained no TLDs. Enable debug logging for this logger for a complete list of JARs that were scanned but no TLDs were found in them. Skipping unneeded JARs during scanning can improve startup time and JSP compilation time.
04-Sep-2016 23:31:17.442 INFO [http-nio-8080-exec-13] org.apache.catalina.startup.HostConfig.deployWAR Deployment of web application archive C:\Users\Gabriel\Desktop\LP3---Ambiente-Configurado\apache-tomcat-8.0.24\webapps\appLp3.war has finished in 3,227 ms
04-Sep-2016 23:31:21.391 WARN [http-nio-8080-exec-18] null.null HHH015016: Encountered a deprecated javax.persistence.spi.PersistenceProvider [org.hibernate.ejb.HibernatePersistence]; use [org.hibernate.jpa.HibernatePersistenceProvider] instead.
04-Sep-2016 23:31:21.392 WARN [http-nio-8080-exec-18] null.null HHH015016: Encountered a deprecated javax.persistence.spi.PersistenceProvider [org.hibernate.ejb.HibernatePersistence]; use [org.hibernate.jpa.HibernatePersistenceProvider] instead.
04-Sep-2016 23:31:21.393 WARN [http-nio-8080-exec-18] org.hibernate.ejb.HibernatePersistence.logDeprecation HHH015016: Encountered a deprecated javax.persistence.spi.PersistenceProvider [org.hibernate.ejb.HibernatePersistence]; use [org.hibernate.jpa.HibernatePersistenceProvider] instead.
04-Sep-2016 23:31:21.779 INFO [http-nio-8080-exec-18] org.hibernate.jpa.internal.util.LogHelper.logPersistenceUnitInformation HHH000204: Processing PersistenceUnitInfo [
	name: UsuarioPU
	...]
04-Sep-2016 23:31:21.999 INFO [http-nio-8080-exec-18] null.null HHH000412: Hibernate Core {4.3.1.Final}
04-Sep-2016 23:31:22.003 INFO [http-nio-8080-exec-18] null.null HHH000206: hibernate.properties not found
04-Sep-2016 23:31:22.005 INFO [http-nio-8080-exec-18] null.null HHH000021: Bytecode provider name : javassist
04-Sep-2016 23:31:42.289 WARN [http-nio-8080-exec-19] null.null HHH015016: Encountered a deprecated javax.persistence.spi.PersistenceProvider [org.hibernate.ejb.HibernatePersistence]; use [org.hibernate.jpa.HibernatePersistenceProvider] instead.
04-Sep-2016 23:31:42.292 WARN [http-nio-8080-exec-19] null.null HHH015016: Encountered a deprecated javax.persistence.spi.PersistenceProvider [org.hibernate.ejb.HibernatePersistence]; use [org.hibernate.jpa.HibernatePersistenceProvider] instead.
04-Sep-2016 23:31:42.293 WARN [http-nio-8080-exec-19] null.null HHH015016: Encountered a deprecated javax.persistence.spi.PersistenceProvider [org.hibernate.ejb.HibernatePersistence]; use [org.hibernate.jpa.HibernatePersistenceProvider] instead.
04-Sep-2016 23:31:42.352 INFO [http-nio-8080-exec-19] null.null HHH000204: Processing PersistenceUnitInfo [
	name: UsuarioPU
	...]
04-Sep-2016 23:31:42.822 ERROR [http-nio-8080-exec-19] null.null line 1:1: unexpected token: u
04-Sep-2016 23:31:42.823 ERROR [http-nio-8080-exec-19] null.null line 1:1: unexpected token: u
 line 1:1: unexpected token: u
	at org.hibernate.hql.internal.antlr.HqlBaseParser.statement(HqlBaseParser.java:191)
	at org.hibernate.hql.internal.ast.QueryTranslatorImpl.parse(QueryTranslatorImpl.java:295)
	at org.hibernate.hql.internal.ast.QueryTranslatorImpl.doCompile(QueryTranslatorImpl.java:203)
	at org.hibernate.hql.internal.ast.QueryTranslatorImpl.compile(QueryTranslatorImpl.java:158)
	at org.hibernate.engine.query.spi.HQLQueryPlan.<init>(HQLQueryPlan.java:126)
	at org.hibernate.engine.query.spi.HQLQueryPlan.<init>(HQLQueryPlan.java:88)
	at org.hibernate.engine.query.spi.QueryPlanCache.getHQLQueryPlan(QueryPlanCache.java:190)
	at org.hibernate.internal.AbstractSessionImpl.getHQLQueryPlan(AbstractSessionImpl.java:301)
	at org.hibernate.internal.AbstractSessionImpl.createQuery(AbstractSessionImpl.java:236)
	at org.hibernate.internal.SessionImpl.createQuery(SessionImpl.java:1796)
	at org.hibernate.jpa.spi.AbstractEntityManagerImpl.createQuery(AbstractEntityManagerImpl.java:342)
	at mack.dao.usuario.UsuarioDAOJPAImpl.buscaUsuarioPorNome(UsuarioDAOJPAImpl.java:38)
	at mack.controllers.impl.BuscaController.execute(BuscaController.java:29)
	at mack.servlets.FrontControllerServlet.processRequest(FrontControllerServlet.java:32)
	at mack.servlets.FrontControllerServlet.doPost(FrontControllerServlet.java:69)
	at javax.servlet.http.HttpServlet.service(HttpServlet.java:648)
	at javax.servlet.http.HttpServlet.service(HttpServlet.java:729)
	at org.apache.catalina.core.ApplicationFilterChain.internalDoFilter(ApplicationFilterChain.java:291)
	at org.apache.catalina.core.ApplicationFilterChain.doFilter(ApplicationFilterChain.java:206)
	at org.apache.tomcat.websocket.server.WsFilter.doFilter(WsFilter.java:52)
	at org.apache.catalina.core.ApplicationFilterChain.internalDoFilter(ApplicationFilterChain.java:239)
	at org.apache.catalina.core.ApplicationFilterChain.doFilter(ApplicationFilterChain.java:206)
	at org.apache.catalina.core.StandardWrapperValve.invoke(StandardWrapperValve.java:219)
	at org.apache.catalina.core.StandardContextValve.invoke(StandardContextValve.java:106)
	at org.apache.catalina.authenticator.AuthenticatorBase.invoke(AuthenticatorBase.java:502)
	at org.apache.catalina.core.StandardHostValve.invoke(StandardHostValve.java:142)
	at org.apache.catalina.valves.ErrorReportValve.invoke(ErrorReportValve.java:79)
	at org.apache.catalina.valves.AbstractAccessLogValve.invoke(AbstractAccessLogValve.java:617)
	at org.apache.catalina.core.StandardEngineValve.invoke(StandardEngineValve.java:88)
	at org.apache.catalina.connector.CoyoteAdapter.service(CoyoteAdapter.java:518)
	at org.apache.coyote.http11.AbstractHttp11Processor.process(AbstractHttp11Processor.java:1091)
	at org.apache.coyote.AbstractProtocol$AbstractConnectionHandler.process(AbstractProtocol.java:668)
	at org.apache.tomcat.util.net.NioEndpoint$SocketProcessor.doRun(NioEndpoint.java:1527)
	at org.apache.tomcat.util.net.NioEndpoint$SocketProcessor.run(NioEndpoint.java:1484)
	at java.util.concurrent.ThreadPoolExecutor.runWorker(ThreadPoolExecutor.java:1142)
	at java.util.concurrent.ThreadPoolExecutor$Worker.run(ThreadPoolExecutor.java:617)
	at org.apache.tomcat.util.threads.TaskThread$WrappingRunnable.run(TaskThread.java:61)
	at java.lang.Thread.run(Thread.java:745)

04-Sep-2016 23:31:42.947 SEVERE [http-nio-8080-exec-19] mack.controllers.impl.BuscaController.execute null
 java.lang.IllegalArgumentException: node to traverse cannot be null!
	at org.hibernate.hql.internal.ast.util.NodeTraverser.traverseDepthFirst(NodeTraverser.java:64)
	at org.hibernate.hql.internal.ast.QueryTranslatorImpl.parse(QueryTranslatorImpl.java:300)
	at org.hibernate.hql.internal.ast.QueryTranslatorImpl.doCompile(QueryTranslatorImpl.java:203)
	at org.hibernate.hql.internal.ast.QueryTranslatorImpl.compile(QueryTranslatorImpl.java:158)
	at org.hibernate.engine.query.spi.HQLQueryPlan.<init>(HQLQueryPlan.java:126)
	at org.hibernate.engine.query.spi.HQLQueryPlan.<init>(HQLQueryPlan.java:88)
	at org.hibernate.engine.query.spi.QueryPlanCache.getHQLQueryPlan(QueryPlanCache.java:190)
	at org.hibernate.internal.AbstractSessionImpl.getHQLQueryPlan(AbstractSessionImpl.java:301)
	at org.hibernate.internal.AbstractSessionImpl.createQuery(AbstractSessionImpl.java:236)
	at org.hibernate.internal.SessionImpl.createQuery(SessionImpl.java:1796)
	at org.hibernate.jpa.spi.AbstractEntityManagerImpl.createQuery(AbstractEntityManagerImpl.java:342)
	at mack.dao.usuario.UsuarioDAOJPAImpl.buscaUsuarioPorNome(UsuarioDAOJPAImpl.java:38)
	at mack.controllers.impl.BuscaController.execute(BuscaController.java:29)
	at mack.servlets.FrontControllerServlet.processRequest(FrontControllerServlet.java:32)
	at mack.servlets.FrontControllerServlet.doPost(FrontControllerServlet.java:69)
	at javax.servlet.http.HttpServlet.service(HttpServlet.java:648)
	at javax.servlet.http.HttpServlet.service(HttpServlet.java:729)
	at org.apache.catalina.core.ApplicationFilterChain.internalDoFilter(ApplicationFilterChain.java:291)
	at org.apache.catalina.core.ApplicationFilterChain.doFilter(ApplicationFilterChain.java:206)
	at org.apache.tomcat.websocket.server.WsFilter.doFilter(WsFilter.java:52)
	at org.apache.catalina.core.ApplicationFilterChain.internalDoFilter(ApplicationFilterChain.java:239)
	at org.apache.catalina.core.ApplicationFilterChain.doFilter(ApplicationFilterChain.java:206)
	at org.apache.catalina.core.StandardWrapperValve.invoke(StandardWrapperValve.java:219)
	at org.apache.catalina.core.StandardContextValve.invoke(StandardContextValve.java:106)
	at org.apache.catalina.authenticator.AuthenticatorBase.invoke(AuthenticatorBase.java:502)
	at org.apache.catalina.core.StandardHostValve.invoke(StandardHostValve.java:142)
	at org.apache.catalina.valves.ErrorReportValve.invoke(ErrorReportValve.java:79)
	at org.apache.catalina.valves.AbstractAccessLogValve.invoke(AbstractAccessLogValve.java:617)
	at org.apache.catalina.core.StandardEngineValve.invoke(StandardEngineValve.java:88)
	at org.apache.catalina.connector.CoyoteAdapter.service(CoyoteAdapter.java:518)
	at org.apache.coyote.http11.AbstractHttp11Processor.process(AbstractHttp11Processor.java:1091)
	at org.apache.coyote.AbstractProtocol$AbstractConnectionHandler.process(AbstractProtocol.java:668)
	at org.apache.tomcat.util.net.NioEndpoint$SocketProcessor.doRun(NioEndpoint.java:1527)
	at org.apache.tomcat.util.net.NioEndpoint$SocketProcessor.run(NioEndpoint.java:1484)
	at java.util.concurrent.ThreadPoolExecutor.runWorker(ThreadPoolExecutor.java:1142)
	at java.util.concurrent.ThreadPoolExecutor$Worker.run(ThreadPoolExecutor.java:617)
	at org.apache.tomcat.util.threads.TaskThread$WrappingRunnable.run(TaskThread.java:61)
	at java.lang.Thread.run(Thread.java:745)

04-Sep-2016 23:33:37.831 WARNING [http-nio-8080-exec-21] org.apache.catalina.loader.WebappClassLoaderBase.clearReferencesJdbc The web application [appLp3] registered the JDBC driver [org.apache.derby.jdbc.ClientDriver40] but failed to unregister it when the web application was stopped. To prevent a memory leak, the JDBC Driver has been forcibly unregistered.
04-Sep-2016 23:33:39.500 INFO [http-nio-8080-exec-21] org.apache.catalina.startup.HostConfig.undeploy Undeploying context [/appLp3]
04-Sep-2016 23:33:58.319 INFO [http-nio-8080-exec-28] org.apache.catalina.startup.HostConfig.deployWAR Deploying web application archive C:\Users\Gabriel\Desktop\LP3---Ambiente-Configurado\apache-tomcat-8.0.24\webapps\appLp3.war
04-Sep-2016 23:35:27.580 INFO [http-nio-8080-exec-28] org.apache.jasper.servlet.TldScanner.scanJars At least one JAR was scanned for TLDs yet contained no TLDs. Enable debug logging for this logger for a complete list of JARs that were scanned but no TLDs were found in them. Skipping unneeded JARs during scanning can improve startup time and JSP compilation time.
04-Sep-2016 23:35:27.597 INFO [http-nio-8080-exec-28] org.apache.catalina.startup.HostConfig.deployWAR Deployment of web application archive C:\Users\Gabriel\Desktop\LP3---Ambiente-Configurado\apache-tomcat-8.0.24\webapps\appLp3.war has finished in 89,277 ms
04-Sep-2016 23:36:15.304 WARN [http-nio-8080-exec-14] null.null HHH015016: Encountered a deprecated javax.persistence.spi.PersistenceProvider [org.hibernate.ejb.HibernatePersistence]; use [org.hibernate.jpa.HibernatePersistenceProvider] instead.
04-Sep-2016 23:36:15.305 WARN [http-nio-8080-exec-14] null.null HHH015016: Encountered a deprecated javax.persistence.spi.PersistenceProvider [org.hibernate.ejb.HibernatePersistence]; use [org.hibernate.jpa.HibernatePersistenceProvider] instead.
04-Sep-2016 23:36:15.306 WARN [http-nio-8080-exec-14] null.null HHH015016: Encountered a deprecated javax.persistence.spi.PersistenceProvider [org.hibernate.ejb.HibernatePersistence]; use [org.hibernate.jpa.HibernatePersistenceProvider] instead.
04-Sep-2016 23:36:15.760 INFO [http-nio-8080-exec-14] null.null HHH000204: Processing PersistenceUnitInfo [
	name: UsuarioPU
	...]
04-Sep-2016 23:36:15.904 INFO [http-nio-8080-exec-14] null.null HHH000412: Hibernate Core {4.3.1.Final}
04-Sep-2016 23:36:15.909 INFO [http-nio-8080-exec-14] null.null HHH000206: hibernate.properties not found
04-Sep-2016 23:36:15.915 INFO [http-nio-8080-exec-14] null.null HHH000021: Bytecode provider name : javassist
04-Sep-2016 23:38:30.296 WARN [http-nio-8080-exec-33] null.null HHH015016: Encountered a deprecated javax.persistence.spi.PersistenceProvider [org.hibernate.ejb.HibernatePersistence]; use [org.hibernate.jpa.HibernatePersistenceProvider] instead.
04-Sep-2016 23:38:30.297 WARN [http-nio-8080-exec-33] null.null HHH015016: Encountered a deprecated javax.persistence.spi.PersistenceProvider [org.hibernate.ejb.HibernatePersistence]; use [org.hibernate.jpa.HibernatePersistenceProvider] instead.
04-Sep-2016 23:38:30.299 WARN [http-nio-8080-exec-33] null.null HHH015016: Encountered a deprecated javax.persistence.spi.PersistenceProvider [org.hibernate.ejb.HibernatePersistence]; use [org.hibernate.jpa.HibernatePersistenceProvider] instead.
04-Sep-2016 23:38:30.319 INFO [http-nio-8080-exec-33] null.null HHH000204: Processing PersistenceUnitInfo [
	name: UsuarioPU
	...]
04-Sep-2016 23:40:25.341 WARN [http-nio-8080-exec-34] <unknown>.<unknown> HHH015016: Encountered a deprecated javax.persistence.spi.PersistenceProvider [org.hibernate.ejb.HibernatePersistence]; use [org.hibernate.jpa.HibernatePersistenceProvider] instead.
04-Sep-2016 23:40:25.342 WARN [http-nio-8080-exec-34] null.null HHH015016: Encountered a deprecated javax.persistence.spi.PersistenceProvider [org.hibernate.ejb.HibernatePersistence]; use [org.hibernate.jpa.HibernatePersistenceProvider] instead.
04-Sep-2016 23:40:25.344 WARN [http-nio-8080-exec-34] null.null HHH015016: Encountered a deprecated javax.persistence.spi.PersistenceProvider [org.hibernate.ejb.HibernatePersistence]; use [org.hibernate.jpa.HibernatePersistenceProvider] instead.
04-Sep-2016 23:40:25.444 INFO [http-nio-8080-exec-34] null.null HHH000204: Processing PersistenceUnitInfo [
	name: UsuarioPU
	...]
04-Sep-2016 23:41:08.190 WARNING [http-nio-8080-exec-31] org.apache.catalina.loader.WebappClassLoaderBase.clearReferencesJdbc The web application [appLp3] registered the JDBC driver [org.apache.derby.jdbc.ClientDriver40] but failed to unregister it when the web application was stopped. To prevent a memory leak, the JDBC Driver has been forcibly unregistered.
04-Sep-2016 23:41:09.582 INFO [http-nio-8080-exec-31] org.apache.catalina.startup.HostConfig.undeploy Undeploying context [/appLp3]
04-Sep-2016 23:41:29.299 INFO [http-nio-8080-exec-34] org.apache.catalina.startup.HostConfig.deployWAR Deploying web application archive C:\Users\Gabriel\Desktop\LP3---Ambiente-Configurado\apache-tomcat-8.0.24\webapps\appLp3.war
04-Sep-2016 23:41:53.023 INFO [http-nio-8080-exec-34] org.apache.jasper.servlet.TldScanner.scanJars At least one JAR was scanned for TLDs yet contained no TLDs. Enable debug logging for this logger for a complete list of JARs that were scanned but no TLDs were found in them. Skipping unneeded JARs during scanning can improve startup time and JSP compilation time.
04-Sep-2016 23:41:53.056 INFO [http-nio-8080-exec-34] org.apache.catalina.startup.HostConfig.deployWAR Deployment of web application archive C:\Users\Gabriel\Desktop\LP3---Ambiente-Configurado\apache-tomcat-8.0.24\webapps\appLp3.war has finished in 23,758 ms
04-Sep-2016 23:42:20.547 WARN [http-nio-8080-exec-35] null.null HHH015016: Encountered a deprecated javax.persistence.spi.PersistenceProvider [org.hibernate.ejb.HibernatePersistence]; use [org.hibernate.jpa.HibernatePersistenceProvider] instead.
04-Sep-2016 23:42:20.548 WARN [http-nio-8080-exec-35] org.hibernate.ejb.HibernatePersistence.logDeprecation HHH015016: Encountered a deprecated javax.persistence.spi.PersistenceProvider [org.hibernate.ejb.HibernatePersistence]; use [org.hibernate.jpa.HibernatePersistenceProvider] instead.
04-Sep-2016 23:42:20.549 WARN [http-nio-8080-exec-35] null.null HHH015016: Encountered a deprecated javax.persistence.spi.PersistenceProvider [org.hibernate.ejb.HibernatePersistence]; use [org.hibernate.jpa.HibernatePersistenceProvider] instead.
04-Sep-2016 23:42:20.688 INFO [http-nio-8080-exec-35] null.null HHH000204: Processing PersistenceUnitInfo [
	name: UsuarioPU
	...]
04-Sep-2016 23:42:21.003 INFO [http-nio-8080-exec-35] null.null HHH000412: Hibernate Core {4.3.1.Final}
04-Sep-2016 23:42:21.009 INFO [http-nio-8080-exec-35] null.null HHH000206: hibernate.properties not found
04-Sep-2016 23:42:21.017 INFO [http-nio-8080-exec-35] org.hibernate.cfg.Environment.buildBytecodeProvider HHH000021: Bytecode provider name : javassist
04-Sep-2016 23:43:15.219 WARN [http-nio-8080-exec-42] org.hibernate.ejb.HibernatePersistence.logDeprecation HHH015016: Encountered a deprecated javax.persistence.spi.PersistenceProvider [org.hibernate.ejb.HibernatePersistence]; use [org.hibernate.jpa.HibernatePersistenceProvider] instead.
04-Sep-2016 23:43:15.220 WARN [http-nio-8080-exec-42] null.null HHH015016: Encountered a deprecated javax.persistence.spi.PersistenceProvider [org.hibernate.ejb.HibernatePersistence]; use [org.hibernate.jpa.HibernatePersistenceProvider] instead.
04-Sep-2016 23:43:15.226 WARN [http-nio-8080-exec-42] null.null HHH015016: Encountered a deprecated javax.persistence.spi.PersistenceProvider [org.hibernate.ejb.HibernatePersistence]; use [org.hibernate.jpa.HibernatePersistenceProvider] instead.
04-Sep-2016 23:43:15.247 INFO [http-nio-8080-exec-42] null.null HHH000204: Processing PersistenceUnitInfo [
	name: UsuarioPU
	...]
04-Sep-2016 23:43:19.982 WARN [http-nio-8080-exec-40] null.null HHH015016: Encountered a deprecated javax.persistence.spi.PersistenceProvider [org.hibernate.ejb.HibernatePersistence]; use [org.hibernate.jpa.HibernatePersistenceProvider] instead.
04-Sep-2016 23:43:19.983 WARN [http-nio-8080-exec-40] null.null HHH015016: Encountered a deprecated javax.persistence.spi.PersistenceProvider [org.hibernate.ejb.HibernatePersistence]; use [org.hibernate.jpa.HibernatePersistenceProvider] instead.
04-Sep-2016 23:43:19.985 WARN [http-nio-8080-exec-40] org.hibernate.ejb.HibernatePersistence.logDeprecation HHH015016: Encountered a deprecated javax.persistence.spi.PersistenceProvider [org.hibernate.ejb.HibernatePersistence]; use [org.hibernate.jpa.HibernatePersistenceProvider] instead.
04-Sep-2016 23:43:20.004 INFO [http-nio-8080-exec-40] null.null HHH000204: Processing PersistenceUnitInfo [
	name: UsuarioPU
	...]
04-Sep-2016 23:43:23.017 WARN [http-nio-8080-exec-39] null.null HHH015016: Encountered a deprecated javax.persistence.spi.PersistenceProvider [org.hibernate.ejb.HibernatePersistence]; use [org.hibernate.jpa.HibernatePersistenceProvider] instead.
04-Sep-2016 23:43:23.019 WARN [http-nio-8080-exec-39] null.null HHH015016: Encountered a deprecated javax.persistence.spi.PersistenceProvider [org.hibernate.ejb.HibernatePersistence]; use [org.hibernate.jpa.HibernatePersistenceProvider] instead.
04-Sep-2016 23:43:23.024 WARN [http-nio-8080-exec-39] null.null HHH015016: Encountered a deprecated javax.persistence.spi.PersistenceProvider [org.hibernate.ejb.HibernatePersistence]; use [org.hibernate.jpa.HibernatePersistenceProvider] instead.
04-Sep-2016 23:43:23.041 INFO [http-nio-8080-exec-39] null.null HHH000204: Processing PersistenceUnitInfo [
	name: UsuarioPU
	...]
04-Sep-2016 23:43:28.338 WARN [http-nio-8080-exec-36] null.null HHH015016: Encountered a deprecated javax.persistence.spi.PersistenceProvider [org.hibernate.ejb.HibernatePersistence]; use [org.hibernate.jpa.HibernatePersistenceProvider] instead.
04-Sep-2016 23:43:28.339 WARN [http-nio-8080-exec-36] org.hibernate.ejb.HibernatePersistence.logDeprecation HHH015016: Encountered a deprecated javax.persistence.spi.PersistenceProvider [org.hibernate.ejb.HibernatePersistence]; use [org.hibernate.jpa.HibernatePersistenceProvider] instead.
04-Sep-2016 23:43:28.341 WARN [http-nio-8080-exec-36] null.null HHH015016: Encountered a deprecated javax.persistence.spi.PersistenceProvider [org.hibernate.ejb.HibernatePersistence]; use [org.hibernate.jpa.HibernatePersistenceProvider] instead.
04-Sep-2016 23:43:28.363 INFO [http-nio-8080-exec-36] null.null HHH000204: Processing PersistenceUnitInfo [
	name: UsuarioPU
	...]
04-Sep-2016 23:43:30.703 WARN [http-nio-8080-exec-45] org.hibernate.ejb.HibernatePersistence.logDeprecation HHH015016: Encountered a deprecated javax.persistence.spi.PersistenceProvider [org.hibernate.ejb.HibernatePersistence]; use [org.hibernate.jpa.HibernatePersistenceProvider] instead.
04-Sep-2016 23:43:30.709 WARN [http-nio-8080-exec-45] null.null HHH015016: Encountered a deprecated javax.persistence.spi.PersistenceProvider [org.hibernate.ejb.HibernatePersistence]; use [org.hibernate.jpa.HibernatePersistenceProvider] instead.
04-Sep-2016 23:43:30.712 WARN [http-nio-8080-exec-45] org.hibernate.ejb.HibernatePersistence.logDeprecation HHH015016: Encountered a deprecated javax.persistence.spi.PersistenceProvider [org.hibernate.ejb.HibernatePersistence]; use [org.hibernate.jpa.HibernatePersistenceProvider] instead.
04-Sep-2016 23:43:30.729 INFO [http-nio-8080-exec-45] null.null HHH000204: Processing PersistenceUnitInfo [
	name: UsuarioPU
	...]
04-Sep-2016 23:44:54.135 WARN [http-nio-8080-exec-42] org.hibernate.ejb.HibernatePersistence.logDeprecation HHH015016: Encountered a deprecated javax.persistence.spi.PersistenceProvider [org.hibernate.ejb.HibernatePersistence]; use [org.hibernate.jpa.HibernatePersistenceProvider] instead.
04-Sep-2016 23:44:54.138 WARN [http-nio-8080-exec-42] org.hibernate.ejb.HibernatePersistence.logDeprecation HHH015016: Encountered a deprecated javax.persistence.spi.PersistenceProvider [org.hibernate.ejb.HibernatePersistence]; use [org.hibernate.jpa.HibernatePersistenceProvider] instead.
04-Sep-2016 23:44:54.142 WARN [http-nio-8080-exec-42] org.hibernate.ejb.HibernatePersistence.logDeprecation HHH015016: Encountered a deprecated javax.persistence.spi.PersistenceProvider [org.hibernate.ejb.HibernatePersistence]; use [org.hibernate.jpa.HibernatePersistenceProvider] instead.
04-Sep-2016 23:44:54.260 INFO [http-nio-8080-exec-42] null.null HHH000204: Processing PersistenceUnitInfo [
	name: UsuarioPU
	...]
04-Sep-2016 23:44:58.722 WARN [http-nio-8080-exec-44] org.hibernate.ejb.HibernatePersistence.logDeprecation HHH015016: Encountered a deprecated javax.persistence.spi.PersistenceProvider [org.hibernate.ejb.HibernatePersistence]; use [org.hibernate.jpa.HibernatePersistenceProvider] instead.
04-Sep-2016 23:44:58.725 WARN [http-nio-8080-exec-44] org.hibernate.ejb.HibernatePersistence.logDeprecation HHH015016: Encountered a deprecated javax.persistence.spi.PersistenceProvider [org.hibernate.ejb.HibernatePersistence]; use [org.hibernate.jpa.HibernatePersistenceProvider] instead.
04-Sep-2016 23:44:58.727 WARN [http-nio-8080-exec-44] org.hibernate.ejb.HibernatePersistence.logDeprecation HHH015016: Encountered a deprecated javax.persistence.spi.PersistenceProvider [org.hibernate.ejb.HibernatePersistence]; use [org.hibernate.jpa.HibernatePersistenceProvider] instead.
04-Sep-2016 23:44:58.745 INFO [http-nio-8080-exec-44] org.hibernate.jpa.internal.util.LogHelper.logPersistenceUnitInformation HHH000204: Processing PersistenceUnitInfo [
	name: UsuarioPU
	...]
04-Sep-2016 23:45:03.268 WARN [http-nio-8080-exec-47] null.null HHH015016: Encountered a deprecated javax.persistence.spi.PersistenceProvider [org.hibernate.ejb.HibernatePersistence]; use [org.hibernate.jpa.HibernatePersistenceProvider] instead.
04-Sep-2016 23:45:03.269 WARN [http-nio-8080-exec-47] null.null HHH015016: Encountered a deprecated javax.persistence.spi.PersistenceProvider [org.hibernate.ejb.HibernatePersistence]; use [org.hibernate.jpa.HibernatePersistenceProvider] instead.
04-Sep-2016 23:45:03.269 WARN [http-nio-8080-exec-47] null.null HHH015016: Encountered a deprecated javax.persistence.spi.PersistenceProvider [org.hibernate.ejb.HibernatePersistence]; use [org.hibernate.jpa.HibernatePersistenceProvider] instead.
04-Sep-2016 23:45:03.286 INFO [http-nio-8080-exec-47] null.null HHH000204: Processing PersistenceUnitInfo [
	name: UsuarioPU
	...]
04-Sep-2016 23:52:51.630 WARN [http-nio-8080-exec-42] null.null HHH015016: Encountered a deprecated javax.persistence.spi.PersistenceProvider [org.hibernate.ejb.HibernatePersistence]; use [org.hibernate.jpa.HibernatePersistenceProvider] instead.
04-Sep-2016 23:52:51.633 WARN [http-nio-8080-exec-42] null.null HHH015016: Encountered a deprecated javax.persistence.spi.PersistenceProvider [org.hibernate.ejb.HibernatePersistence]; use [org.hibernate.jpa.HibernatePersistenceProvider] instead.
04-Sep-2016 23:52:51.634 WARN [http-nio-8080-exec-42] org.hibernate.ejb.HibernatePersistence.logDeprecation HHH015016: Encountered a deprecated javax.persistence.spi.PersistenceProvider [org.hibernate.ejb.HibernatePersistence]; use [org.hibernate.jpa.HibernatePersistenceProvider] instead.
04-Sep-2016 23:52:51.704 INFO [http-nio-8080-exec-42] null.null HHH000204: Processing PersistenceUnitInfo [
	name: UsuarioPU
	...]
04-Sep-2016 23:52:54.466 WARN [http-nio-8080-exec-44] org.hibernate.ejb.HibernatePersistence.logDeprecation HHH015016: Encountered a deprecated javax.persistence.spi.PersistenceProvider [org.hibernate.ejb.HibernatePersistence]; use [org.hibernate.jpa.HibernatePersistenceProvider] instead.
04-Sep-2016 23:52:54.468 WARN [http-nio-8080-exec-44] null.null HHH015016: Encountered a deprecated javax.persistence.spi.PersistenceProvider [org.hibernate.ejb.HibernatePersistence]; use [org.hibernate.jpa.HibernatePersistenceProvider] instead.
04-Sep-2016 23:52:54.472 WARN [http-nio-8080-exec-44] null.null HHH015016: Encountered a deprecated javax.persistence.spi.PersistenceProvider [org.hibernate.ejb.HibernatePersistence]; use [org.hibernate.jpa.HibernatePersistenceProvider] instead.
04-Sep-2016 23:52:54.488 INFO [http-nio-8080-exec-44] org.hibernate.jpa.internal.util.LogHelper.logPersistenceUnitInformation HHH000204: Processing PersistenceUnitInfo [
	name: UsuarioPU
	...]
04-Sep-2016 23:52:56.892 WARN [http-nio-8080-exec-47] null.null HHH015016: Encountered a deprecated javax.persistence.spi.PersistenceProvider [org.hibernate.ejb.HibernatePersistence]; use [org.hibernate.jpa.HibernatePersistenceProvider] instead.
04-Sep-2016 23:52:56.895 WARN [http-nio-8080-exec-47] null.null HHH015016: Encountered a deprecated javax.persistence.spi.PersistenceProvider [org.hibernate.ejb.HibernatePersistence]; use [org.hibernate.jpa.HibernatePersistenceProvider] instead.
04-Sep-2016 23:52:56.900 WARN [http-nio-8080-exec-47] null.null HHH015016: Encountered a deprecated javax.persistence.spi.PersistenceProvider [org.hibernate.ejb.HibernatePersistence]; use [org.hibernate.jpa.HibernatePersistenceProvider] instead.
04-Sep-2016 23:52:56.915 INFO [http-nio-8080-exec-47] null.null HHH000204: Processing PersistenceUnitInfo [
	name: UsuarioPU
	...]
04-Sep-2016 23:53:00.680 WARN [http-nio-8080-exec-48] <unknown>.<unknown> HHH015016: Encountered a deprecated javax.persistence.spi.PersistenceProvider [org.hibernate.ejb.HibernatePersistence]; use [org.hibernate.jpa.HibernatePersistenceProvider] instead.
04-Sep-2016 23:53:00.681 WARN [http-nio-8080-exec-48] null.null HHH015016: Encountered a deprecated javax.persistence.spi.PersistenceProvider [org.hibernate.ejb.HibernatePersistence]; use [org.hibernate.jpa.HibernatePersistenceProvider] instead.
04-Sep-2016 23:53:00.683 WARN [http-nio-8080-exec-48] org.hibernate.ejb.HibernatePersistence.logDeprecation HHH015016: Encountered a deprecated javax.persistence.spi.PersistenceProvider [org.hibernate.ejb.HibernatePersistence]; use [org.hibernate.jpa.HibernatePersistenceProvider] instead.
04-Sep-2016 23:53:00.704 INFO [http-nio-8080-exec-48] null.null HHH000204: Processing PersistenceUnitInfo [
	name: UsuarioPU
	...]
04-Sep-2016 23:53:26.801 WARNING [http-nio-8080-exec-49] org.apache.catalina.loader.WebappClassLoaderBase.clearReferencesJdbc The web application [appLp3] registered the JDBC driver [org.apache.derby.jdbc.ClientDriver40] but failed to unregister it when the web application was stopped. To prevent a memory leak, the JDBC Driver has been forcibly unregistered.
04-Sep-2016 23:53:27.435 INFO [http-nio-8080-exec-49] org.apache.catalina.startup.HostConfig.undeploy Undeploying context [/appLp3]
04-Sep-2016 23:53:31.784 INFO [http-nio-8080-exec-47] org.apache.catalina.startup.HostConfig.deployWAR Deploying web application archive C:\Users\Gabriel\Desktop\LP3---Ambiente-Configurado\apache-tomcat-8.0.24\webapps\appLp3.war
04-Sep-2016 23:53:33.530 INFO [http-nio-8080-exec-47] org.apache.jasper.servlet.TldScanner.scanJars At least one JAR was scanned for TLDs yet contained no TLDs. Enable debug logging for this logger for a complete list of JARs that were scanned but no TLDs were found in them. Skipping unneeded JARs during scanning can improve startup time and JSP compilation time.
04-Sep-2016 23:53:33.539 INFO [http-nio-8080-exec-47] org.apache.catalina.startup.HostConfig.deployWAR Deployment of web application archive C:\Users\Gabriel\Desktop\LP3---Ambiente-Configurado\apache-tomcat-8.0.24\webapps\appLp3.war has finished in 1,755 ms
04-Sep-2016 23:53:38.868 WARN [http-nio-8080-exec-40] null.null HHH015016: Encountered a deprecated javax.persistence.spi.PersistenceProvider [org.hibernate.ejb.HibernatePersistence]; use [org.hibernate.jpa.HibernatePersistenceProvider] instead.
04-Sep-2016 23:53:38.871 WARN [http-nio-8080-exec-40] null.null HHH015016: Encountered a deprecated javax.persistence.spi.PersistenceProvider [org.hibernate.ejb.HibernatePersistence]; use [org.hibernate.jpa.HibernatePersistenceProvider] instead.
04-Sep-2016 23:53:38.874 WARN [http-nio-8080-exec-40] <unknown>.<unknown> HHH015016: Encountered a deprecated javax.persistence.spi.PersistenceProvider [org.hibernate.ejb.HibernatePersistence]; use [org.hibernate.jpa.HibernatePersistenceProvider] instead.
04-Sep-2016 23:53:39.251 INFO [http-nio-8080-exec-40] null.null HHH000204: Processing PersistenceUnitInfo [
	name: UsuarioPU
	...]
04-Sep-2016 23:53:39.390 INFO [http-nio-8080-exec-40] null.null HHH000412: Hibernate Core {4.3.1.Final}
04-Sep-2016 23:53:39.396 INFO [http-nio-8080-exec-40] null.null HHH000206: hibernate.properties not found
04-Sep-2016 23:53:39.401 INFO [http-nio-8080-exec-40] null.null HHH000021: Bytecode provider name : javassist
04-Sep-2016 23:56:40.457 WARN [http-nio-8080-exec-50] null.null HHH015016: Encountered a deprecated javax.persistence.spi.PersistenceProvider [org.hibernate.ejb.HibernatePersistence]; use [org.hibernate.jpa.HibernatePersistenceProvider] instead.
04-Sep-2016 23:56:40.457 WARN [http-nio-8080-exec-50] org.hibernate.ejb.HibernatePersistence.logDeprecation HHH015016: Encountered a deprecated javax.persistence.spi.PersistenceProvider [org.hibernate.ejb.HibernatePersistence]; use [org.hibernate.jpa.HibernatePersistenceProvider] instead.
04-Sep-2016 23:56:40.457 WARN [http-nio-8080-exec-50] null.logDeprecation HHH015016: Encountered a deprecated javax.persistence.spi.PersistenceProvider [org.hibernate.ejb.HibernatePersistence]; use [org.hibernate.jpa.HibernatePersistenceProvider] instead.
04-Sep-2016 23:56:40.470 INFO [http-nio-8080-exec-50] null.null HHH000204: Processing PersistenceUnitInfo [
	name: UsuarioPU
	...]
04-Sep-2016 23:56:43.194 WARN [http-nio-8080-exec-55] <unknown>.<unknown> HHH015016: Encountered a deprecated javax.persistence.spi.PersistenceProvider [org.hibernate.ejb.HibernatePersistence]; use [org.hibernate.jpa.HibernatePersistenceProvider] instead.
04-Sep-2016 23:56:43.195 WARN [http-nio-8080-exec-55] null.null HHH015016: Encountered a deprecated javax.persistence.spi.PersistenceProvider [org.hibernate.ejb.HibernatePersistence]; use [org.hibernate.jpa.HibernatePersistenceProvider] instead.
04-Sep-2016 23:56:43.196 WARN [http-nio-8080-exec-55] null.null HHH015016: Encountered a deprecated javax.persistence.spi.PersistenceProvider [org.hibernate.ejb.HibernatePersistence]; use [org.hibernate.jpa.HibernatePersistenceProvider] instead.
04-Sep-2016 23:56:43.203 INFO [http-nio-8080-exec-55] null.null HHH000204: Processing PersistenceUnitInfo [
	name: UsuarioPU
	...]
04-Sep-2016 23:58:28.691 WARN [http-nio-8080-exec-56] null.null HHH015016: Encountered a deprecated javax.persistence.spi.PersistenceProvider [org.hibernate.ejb.HibernatePersistence]; use [org.hibernate.jpa.HibernatePersistenceProvider] instead.
04-Sep-2016 23:58:28.692 WARN [http-nio-8080-exec-56] null.null HHH015016: Encountered a deprecated javax.persistence.spi.PersistenceProvider [org.hibernate.ejb.HibernatePersistence]; use [org.hibernate.jpa.HibernatePersistenceProvider] instead.
04-Sep-2016 23:58:28.692 WARN [http-nio-8080-exec-56] null.null HHH015016: Encountered a deprecated javax.persistence.spi.PersistenceProvider [org.hibernate.ejb.HibernatePersistence]; use [org.hibernate.jpa.HibernatePersistenceProvider] instead.
04-Sep-2016 23:58:28.701 INFO [http-nio-8080-exec-56] null.null HHH000204: Processing PersistenceUnitInfo [
	name: UsuarioPU
	...]
04-Sep-2016 23:58:31.459 WARN [http-nio-8080-exec-51] null.null HHH015016: Encountered a deprecated javax.persistence.spi.PersistenceProvider [org.hibernate.ejb.HibernatePersistence]; use [org.hibernate.jpa.HibernatePersistenceProvider] instead.
04-Sep-2016 23:58:31.460 WARN [http-nio-8080-exec-51] null.null HHH015016: Encountered a deprecated javax.persistence.spi.PersistenceProvider [org.hibernate.ejb.HibernatePersistence]; use [org.hibernate.jpa.HibernatePersistenceProvider] instead.
04-Sep-2016 23:58:31.461 WARN [http-nio-8080-exec-51] null.null HHH015016: Encountered a deprecated javax.persistence.spi.PersistenceProvider [org.hibernate.ejb.HibernatePersistence]; use [org.hibernate.jpa.HibernatePersistenceProvider] instead.
04-Sep-2016 23:58:31.471 INFO [http-nio-8080-exec-51] null.logPersistenceUnitInformation HHH000204: Processing PersistenceUnitInfo [
	name: UsuarioPU
	...]
04-Sep-2016 23:59:02.959 WARNING [http-nio-8080-exec-53] org.apache.catalina.loader.WebappClassLoaderBase.clearReferencesJdbc The web application [appLp3] registered the JDBC driver [org.apache.derby.jdbc.ClientDriver40] but failed to unregister it when the web application was stopped. To prevent a memory leak, the JDBC Driver has been forcibly unregistered.
04-Sep-2016 23:59:03.527 INFO [http-nio-8080-exec-53] org.apache.catalina.startup.HostConfig.undeploy Undeploying context [/appLp3]
04-Sep-2016 23:59:07.654 INFO [http-nio-8080-exec-52] org.apache.catalina.startup.HostConfig.deployWAR Deploying web application archive C:\Users\Gabriel\Desktop\LP3---Ambiente-Configurado\apache-tomcat-8.0.24\webapps\appLp3.war
04-Sep-2016 23:59:09.038 INFO [http-nio-8080-exec-52] org.apache.jasper.servlet.TldScanner.scanJars At least one JAR was scanned for TLDs yet contained no TLDs. Enable debug logging for this logger for a complete list of JARs that were scanned but no TLDs were found in them. Skipping unneeded JARs during scanning can improve startup time and JSP compilation time.
04-Sep-2016 23:59:09.047 INFO [http-nio-8080-exec-52] org.apache.catalina.startup.HostConfig.deployWAR Deployment of web application archive C:\Users\Gabriel\Desktop\LP3---Ambiente-Configurado\apache-tomcat-8.0.24\webapps\appLp3.war has finished in 1,393 ms
04-Sep-2016 23:59:12.462 WARN [http-nio-8080-exec-50] null.null HHH015016: Encountered a deprecated javax.persistence.spi.PersistenceProvider [org.hibernate.ejb.HibernatePersistence]; use [org.hibernate.jpa.HibernatePersistenceProvider] instead.
04-Sep-2016 23:59:12.462 WARN [http-nio-8080-exec-50] null.null HHH015016: Encountered a deprecated javax.persistence.spi.PersistenceProvider [org.hibernate.ejb.HibernatePersistence]; use [org.hibernate.jpa.HibernatePersistenceProvider] instead.
04-Sep-2016 23:59:12.463 WARN [http-nio-8080-exec-50] null.null HHH015016: Encountered a deprecated javax.persistence.spi.PersistenceProvider [org.hibernate.ejb.HibernatePersistence]; use [org.hibernate.jpa.HibernatePersistenceProvider] instead.
04-Sep-2016 23:59:12.518 INFO [http-nio-8080-exec-50] null.null HHH000204: Processing PersistenceUnitInfo [
	name: UsuarioPU
	...]
04-Sep-2016 23:59:12.674 INFO [http-nio-8080-exec-50] null.null HHH000412: Hibernate Core {4.3.1.Final}
04-Sep-2016 23:59:12.681 INFO [http-nio-8080-exec-50] null.null HHH000206: hibernate.properties not found
04-Sep-2016 23:59:12.687 INFO [http-nio-8080-exec-50] null.null HHH000021: Bytecode provider name : javassist
04-Sep-2016 23:59:20.007 WARN [http-nio-8080-exec-59] <unknown>.<unknown> HHH015016: Encountered a deprecated javax.persistence.spi.PersistenceProvider [org.hibernate.ejb.HibernatePersistence]; use [org.hibernate.jpa.HibernatePersistenceProvider] instead.
04-Sep-2016 23:59:20.008 WARN [http-nio-8080-exec-59] null.null HHH015016: Encountered a deprecated javax.persistence.spi.PersistenceProvider [org.hibernate.ejb.HibernatePersistence]; use [org.hibernate.jpa.HibernatePersistenceProvider] instead.
04-Sep-2016 23:59:20.009 WARN [http-nio-8080-exec-59] org.hibernate.ejb.HibernatePersistence.logDeprecation HHH015016: Encountered a deprecated javax.persistence.spi.PersistenceProvider [org.hibernate.ejb.HibernatePersistence]; use [org.hibernate.jpa.HibernatePersistenceProvider] instead.
04-Sep-2016 23:59:20.173 INFO [http-nio-8080-exec-59] null.null HHH000204: Processing PersistenceUnitInfo [
	name: UsuarioPU
	...]
04-Sep-2016 23:59:31.970 WARN [http-nio-8080-exec-54] null.null HHH015016: Encountered a deprecated javax.persistence.spi.PersistenceProvider [org.hibernate.ejb.HibernatePersistence]; use [org.hibernate.jpa.HibernatePersistenceProvider] instead.
