31-Aug-2016 02:08:04.666 INFO [main] org.apache.catalina.startup.VersionLoggerListener.log Server version:        Apache Tomcat/8.0.24
31-Aug-2016 02:08:04.668 INFO [main] org.apache.catalina.startup.VersionLoggerListener.log Server built:          Jul 1 2015 20:19:55 UTC
31-Aug-2016 02:08:04.668 INFO [main] org.apache.catalina.startup.VersionLoggerListener.log Server number:         8.0.24.0
31-Aug-2016 02:08:04.668 INFO [main] org.apache.catalina.startup.VersionLoggerListener.log OS Name:               Windows 10
31-Aug-2016 02:08:04.669 INFO [main] org.apache.catalina.startup.VersionLoggerListener.log OS Version:            10.0
31-Aug-2016 02:08:04.669 INFO [main] org.apache.catalina.startup.VersionLoggerListener.log Architecture:          amd64
31-Aug-2016 02:08:04.677 INFO [main] org.apache.catalina.startup.VersionLoggerListener.log Java Home:             C:\Program Files\Java\jdk1.8.0_92\jre
31-Aug-2016 02:08:04.678 INFO [main] org.apache.catalina.startup.VersionLoggerListener.log JVM Version:           1.8.0_92-b14
31-Aug-2016 02:08:04.678 INFO [main] org.apache.catalina.startup.VersionLoggerListener.log JVM Vendor:            Oracle Corporation
31-Aug-2016 02:08:04.678 INFO [main] org.apache.catalina.startup.VersionLoggerListener.log CATALINA_BASE:         C:\Users\Gabriel\Desktop\LP3 - LAB\apache-tomcat-8.0.24
31-Aug-2016 02:08:04.678 INFO [main] org.apache.catalina.startup.VersionLoggerListener.log CATALINA_HOME:         C:\Users\Gabriel\Desktop\LP3 - LAB\apache-tomcat-8.0.24
31-Aug-2016 02:08:04.678 INFO [main] org.apache.catalina.startup.VersionLoggerListener.log Command line argument: -Djava.util.logging.config.file=C:/Users/Gabriel/Desktop/LP3 - LAB/apache-tomcat-8.0.24/conf/logging.properties
31-Aug-2016 02:08:04.678 INFO [main] org.apache.catalina.startup.VersionLoggerListener.log Command line argument: -Djava.util.logging.manager=org.apache.juli.ClassLoaderLogManager
31-Aug-2016 02:08:04.678 INFO [main] org.apache.catalina.startup.VersionLoggerListener.log Command line argument: -Djava.endorsed.dirs=C:/Users/Gabriel/Desktop/LP3 - LAB/apache-tomcat-8.0.24/endorsed
31-Aug-2016 02:08:04.679 INFO [main] org.apache.catalina.startup.VersionLoggerListener.log Command line argument: -Dcatalina.base=C:/Users/Gabriel/Desktop/LP3 - LAB/apache-tomcat-8.0.24
31-Aug-2016 02:08:04.679 INFO [main] org.apache.catalina.startup.VersionLoggerListener.log Command line argument: -Dcatalina.home=C:/Users/Gabriel/Desktop/LP3 - LAB/apache-tomcat-8.0.24
31-Aug-2016 02:08:04.679 INFO [main] org.apache.catalina.startup.VersionLoggerListener.log Command line argument: -Djava.io.tmpdir=C:/Users/Gabriel/Desktop/LP3 - LAB/apache-tomcat-8.0.24/temp
31-Aug-2016 02:08:04.679 INFO [main] org.apache.catalina.core.AprLifecycleListener.lifecycleEvent The APR based Apache Tomcat Native library which allows optimal performance in production environments was not found on the java.library.path: C:\Program Files\Java\jdk1.8.0_92\bin;C:\Windows\Sun\Java\bin;C:\Windows\system32;C:\Windows;C:\Users\Gabriel\bin;C:\Program Files\Git\mingw64\bin;C:\Program Files\Git\usr\local\bin;C:\Program Files\Git\usr\bin;C:\Program Files\Git\usr\bin;C:\Program Files\Git\mingw64\bin;C:\Program Files\Git\usr\bin;C:\Users\Gabriel\bin;C:\ProgramData\Oracle\Java\javapath;C:\Windows\system32;C:\Windows;C:\Windows\System32\Wbem;C:\Windows\System32\WindowsPowerShell\v1.0;C:\Program Files (x86)\Skype\Phone;C:\Windows\system32\config\systemprofile\.dnx\bin;C:\Program Files\Microsoft DNX\Dnvm;C:\Program Files\Microsoft SQL Server\130\Tools\Binn;C:\Program Files (x86)\MySQL\MySQL Fabric 1.5 & MySQL Utilities 1.5;C:\Program Files (x86)\MySQL\MySQL Fabric 1.5 & MySQL Utilities 1.5\Doctrine extensions for PHP;C:\Program Files\nodejs;C:\Program Files\Git\cmd;C:\Program Files\TortoiseGit\bin;C:\Program Files\Java\jdk1.8.0_92;C:\Users\Gabriel\AppData\Roaming\npm;C:\Program Files\Git\usr\bin\vendor_perl;C:\Program Files\Git\usr\bin\core_perl;.
31-Aug-2016 02:08:06.233 INFO [main] org.apache.coyote.AbstractProtocol.init Initializing ProtocolHandler ["http-nio-8080"]
31-Aug-2016 02:08:06.404 INFO [main] org.apache.tomcat.util.net.NioSelectorPool.getSharedSelector Using a shared selector for servlet write/read
31-Aug-2016 02:08:06.406 INFO [main] org.apache.coyote.AbstractProtocol.init Initializing ProtocolHandler ["ajp-nio-8009"]
31-Aug-2016 02:08:06.408 INFO [main] org.apache.tomcat.util.net.NioSelectorPool.getSharedSelector Using a shared selector for servlet write/read
31-Aug-2016 02:08:06.408 INFO [main] org.apache.catalina.startup.Catalina.load Initialization processed in 2609 ms
31-Aug-2016 02:08:06.654 INFO [main] org.apache.catalina.core.StandardService.startInternal Starting service Catalina
31-Aug-2016 02:08:06.654 INFO [main] org.apache.catalina.core.StandardEngine.startInternal Starting Servlet Engine: Apache Tomcat/8.0.24
31-Aug-2016 02:08:06.706 INFO [localhost-startStop-1] org.apache.catalina.startup.HostConfig.deployDirectory Deploying web application directory C:\Users\Gabriel\Desktop\LP3 - LAB\apache-tomcat-8.0.24\webapps\docs
31-Aug-2016 02:08:07.198 INFO [localhost-startStop-1] org.apache.catalina.startup.HostConfig.deployDirectory Deployment of web application directory C:\Users\Gabriel\Desktop\LP3 - LAB\apache-tomcat-8.0.24\webapps\docs has finished in 491 ms
31-Aug-2016 02:08:07.198 INFO [localhost-startStop-1] org.apache.catalina.startup.HostConfig.deployDirectory Deploying web application directory C:\Users\Gabriel\Desktop\LP3 - LAB\apache-tomcat-8.0.24\webapps\examples
31-Aug-2016 02:08:07.889 INFO [localhost-startStop-1] org.apache.catalina.startup.HostConfig.deployDirectory Deployment of web application directory C:\Users\Gabriel\Desktop\LP3 - LAB\apache-tomcat-8.0.24\webapps\examples has finished in 691 ms
31-Aug-2016 02:08:07.890 INFO [localhost-startStop-1] org.apache.catalina.startup.HostConfig.deployDirectory Deploying web application directory C:\Users\Gabriel\Desktop\LP3 - LAB\apache-tomcat-8.0.24\webapps\host-manager
31-Aug-2016 02:08:07.942 INFO [localhost-startStop-1] org.apache.catalina.startup.HostConfig.deployDirectory Deployment of web application directory C:\Users\Gabriel\Desktop\LP3 - LAB\apache-tomcat-8.0.24\webapps\host-manager has finished in 51 ms
31-Aug-2016 02:08:07.942 INFO [localhost-startStop-1] org.apache.catalina.startup.HostConfig.deployDirectory Deploying web application directory C:\Users\Gabriel\Desktop\LP3 - LAB\apache-tomcat-8.0.24\webapps\manager
31-Aug-2016 02:08:08.034 INFO [localhost-startStop-1] org.apache.catalina.startup.HostConfig.deployDirectory Deployment of web application directory C:\Users\Gabriel\Desktop\LP3 - LAB\apache-tomcat-8.0.24\webapps\manager has finished in 92 ms
31-Aug-2016 02:08:08.035 INFO [localhost-startStop-1] org.apache.catalina.startup.HostConfig.deployDirectory Deploying web application directory C:\Users\Gabriel\Desktop\LP3 - LAB\apache-tomcat-8.0.24\webapps\ROOT
31-Aug-2016 02:08:08.073 INFO [localhost-startStop-1] org.apache.catalina.startup.HostConfig.deployDirectory Deployment of web application directory C:\Users\Gabriel\Desktop\LP3 - LAB\apache-tomcat-8.0.24\webapps\ROOT has finished in 37 ms
31-Aug-2016 02:08:08.079 INFO [main] org.apache.coyote.AbstractProtocol.start Starting ProtocolHandler ["http-nio-8080"]
31-Aug-2016 02:08:08.088 INFO [main] org.apache.coyote.AbstractProtocol.start Starting ProtocolHandler ["ajp-nio-8009"]
31-Aug-2016 02:08:08.091 INFO [main] org.apache.catalina.startup.Catalina.start Server startup in 1682 ms
