31-Aug-2016 02:08:04.666 INFO [main] org.apache.catalina.startup.VersionLoggerListener.log Server version:        Apache Tomcat/8.0.24
31-Aug-2016 02:08:04.668 INFO [main] org.apache.catalina.startup.VersionLoggerListener.log Server built:          Jul 1 2015 20:19:55 UTC
31-Aug-2016 02:08:04.668 INFO [main] org.apache.catalina.startup.VersionLoggerListener.log Server number:         8.0.24.0
31-Aug-2016 02:08:04.668 INFO [main] org.apache.catalina.startup.VersionLoggerListener.log OS Name:               Windows 10
31-Aug-2016 02:08:04.669 INFO [main] org.apache.catalina.startup.VersionLoggerListener.log OS Version:            10.0
31-Aug-2016 02:08:04.669 INFO [main] org.apache.catalina.startup.VersionLoggerListener.log Architecture:          amd64
31-Aug-2016 02:08:04.677 INFO [main] org.apache.catalina.startup.VersionLoggerListener.log Java Home:             C:\Program Files\Java\jdk1.8.0_92\jre
31-Aug-2016 02:08:04.678 INFO [main] org.apache.catalina.startup.VersionLoggerListener.log JVM Version:           1.8.0_92-b14
31-Aug-2016 02:08:04.678 INFO [main] org.apache.catalina.startup.VersionLoggerListener.log JVM Vendor:            Oracle Corporation
31-Aug-2016 02:08:04.678 INFO [main] org.apache.catalina.startup.VersionLoggerListener.log CATALINA_BASE:         C:\Users\Gabriel\Desktop\LP3 - LAB\apache-tomcat-8.0.24
31-Aug-2016 02:08:04.678 INFO [main] org.apache.catalina.startup.VersionLoggerListener.log CATALINA_HOME:         C:\Users\Gabriel\Desktop\LP3 - LAB\apache-tomcat-8.0.24
31-Aug-2016 02:08:04.678 INFO [main] org.apache.catalina.startup.VersionLoggerListener.log Command line argument: -Djava.util.logging.config.file=C:/Users/Gabriel/Desktop/LP3 - LAB/apache-tomcat-8.0.24/conf/logging.properties
31-Aug-2016 02:08:04.678 INFO [main] org.apache.catalina.startup.VersionLoggerListener.log Command line argument: -Djava.util.logging.manager=org.apache.juli.ClassLoaderLogManager
31-Aug-2016 02:08:04.678 INFO [main] org.apache.catalina.startup.VersionLoggerListener.log Command line argument: -Djava.endorsed.dirs=C:/Users/Gabriel/Desktop/LP3 - LAB/apache-tomcat-8.0.24/endorsed
31-Aug-2016 02:08:04.679 INFO [main] org.apache.catalina.startup.VersionLoggerListener.log Command line argument: -Dcatalina.base=C:/Users/Gabriel/Desktop/LP3 - LAB/apache-tomcat-8.0.24
31-Aug-2016 02:08:04.679 INFO [main] org.apache.catalina.startup.VersionLoggerListener.log Command line argument: -Dcatalina.home=C:/Users/Gabriel/Desktop/LP3 - LAB/apache-tomcat-8.0.24
31-Aug-2016 02:08:04.679 INFO [main] org.apache.catalina.startup.VersionLoggerListener.log Command line argument: -Djava.io.tmpdir=C:/Users/Gabriel/Desktop/LP3 - LAB/apache-tomcat-8.0.24/temp
31-Aug-2016 02:08:04.679 INFO [main] org.apache.catalina.core.AprLifecycleListener.lifecycleEvent The APR based Apache Tomcat Native library which allows optimal performance in production environments was not found on the java.library.path: C:\Program Files\Java\jdk1.8.0_92\bin;C:\Windows\Sun\Java\bin;C:\Windows\system32;C:\Windows;C:\Users\Gabriel\bin;C:\Program Files\Git\mingw64\bin;C:\Program Files\Git\usr\local\bin;C:\Program Files\Git\usr\bin;C:\Program Files\Git\usr\bin;C:\Program Files\Git\mingw64\bin;C:\Program Files\Git\usr\bin;C:\Users\Gabriel\bin;C:\ProgramData\Oracle\Java\javapath;C:\Windows\system32;C:\Windows;C:\Windows\System32\Wbem;C:\Windows\System32\WindowsPowerShell\v1.0;C:\Program Files (x86)\Skype\Phone;C:\Windows\system32\config\systemprofile\.dnx\bin;C:\Program Files\Microsoft DNX\Dnvm;C:\Program Files\Microsoft SQL Server\130\Tools\Binn;C:\Program Files (x86)\MySQL\MySQL Fabric 1.5 & MySQL Utilities 1.5;C:\Program Files (x86)\MySQL\MySQL Fabric 1.5 & MySQL Utilities 1.5\Doctrine extensions for PHP;C:\Program Files\nodejs;C:\Program Files\Git\cmd;C:\Program Files\TortoiseGit\bin;C:\Program Files\Java\jdk1.8.0_92;C:\Users\Gabriel\AppData\Roaming\npm;C:\Program Files\Git\usr\bin\vendor_perl;C:\Program Files\Git\usr\bin\core_perl;.
31-Aug-2016 02:08:06.233 INFO [main] org.apache.coyote.AbstractProtocol.init Initializing ProtocolHandler ["http-nio-8080"]
31-Aug-2016 02:08:06.404 INFO [main] org.apache.tomcat.util.net.NioSelectorPool.getSharedSelector Using a shared selector for servlet write/read
31-Aug-2016 02:08:06.406 INFO [main] org.apache.coyote.AbstractProtocol.init Initializing ProtocolHandler ["ajp-nio-8009"]
31-Aug-2016 02:08:06.408 INFO [main] org.apache.tomcat.util.net.NioSelectorPool.getSharedSelector Using a shared selector for servlet write/read
31-Aug-2016 02:08:06.408 INFO [main] org.apache.catalina.startup.Catalina.load Initialization processed in 2609 ms
31-Aug-2016 02:08:06.654 INFO [main] org.apache.catalina.core.StandardService.startInternal Starting service Catalina
31-Aug-2016 02:08:06.654 INFO [main] org.apache.catalina.core.StandardEngine.startInternal Starting Servlet Engine: Apache Tomcat/8.0.24
31-Aug-2016 02:08:06.706 INFO [localhost-startStop-1] org.apache.catalina.startup.HostConfig.deployDirectory Deploying web application directory C:\Users\Gabriel\Desktop\LP3 - LAB\apache-tomcat-8.0.24\webapps\docs
31-Aug-2016 02:08:07.198 INFO [localhost-startStop-1] org.apache.catalina.startup.HostConfig.deployDirectory Deployment of web application directory C:\Users\Gabriel\Desktop\LP3 - LAB\apache-tomcat-8.0.24\webapps\docs has finished in 491 ms
31-Aug-2016 02:08:07.198 INFO [localhost-startStop-1] org.apache.catalina.startup.HostConfig.deployDirectory Deploying web application directory C:\Users\Gabriel\Desktop\LP3 - LAB\apache-tomcat-8.0.24\webapps\examples
31-Aug-2016 02:08:07.889 INFO [localhost-startStop-1] org.apache.catalina.startup.HostConfig.deployDirectory Deployment of web application directory C:\Users\Gabriel\Desktop\LP3 - LAB\apache-tomcat-8.0.24\webapps\examples has finished in 691 ms
31-Aug-2016 02:08:07.890 INFO [localhost-startStop-1] org.apache.catalina.startup.HostConfig.deployDirectory Deploying web application directory C:\Users\Gabriel\Desktop\LP3 - LAB\apache-tomcat-8.0.24\webapps\host-manager
31-Aug-2016 02:08:07.942 INFO [localhost-startStop-1] org.apache.catalina.startup.HostConfig.deployDirectory Deployment of web application directory C:\Users\Gabriel\Desktop\LP3 - LAB\apache-tomcat-8.0.24\webapps\host-manager has finished in 51 ms
31-Aug-2016 02:08:07.942 INFO [localhost-startStop-1] org.apache.catalina.startup.HostConfig.deployDirectory Deploying web application directory C:\Users\Gabriel\Desktop\LP3 - LAB\apache-tomcat-8.0.24\webapps\manager
31-Aug-2016 02:08:08.034 INFO [localhost-startStop-1] org.apache.catalina.startup.HostConfig.deployDirectory Deployment of web application directory C:\Users\Gabriel\Desktop\LP3 - LAB\apache-tomcat-8.0.24\webapps\manager has finished in 92 ms
31-Aug-2016 02:08:08.035 INFO [localhost-startStop-1] org.apache.catalina.startup.HostConfig.deployDirectory Deploying web application directory C:\Users\Gabriel\Desktop\LP3 - LAB\apache-tomcat-8.0.24\webapps\ROOT
31-Aug-2016 02:08:08.073 INFO [localhost-startStop-1] org.apache.catalina.startup.HostConfig.deployDirectory Deployment of web application directory C:\Users\Gabriel\Desktop\LP3 - LAB\apache-tomcat-8.0.24\webapps\ROOT has finished in 37 ms
31-Aug-2016 02:08:08.079 INFO [main] org.apache.coyote.AbstractProtocol.start Starting ProtocolHandler ["http-nio-8080"]
31-Aug-2016 02:08:08.088 INFO [main] org.apache.coyote.AbstractProtocol.start Starting ProtocolHandler ["ajp-nio-8009"]
31-Aug-2016 02:08:08.091 INFO [main] org.apache.catalina.startup.Catalina.start Server startup in 1682 ms
31-Aug-2016 02:09:31.808 INFO [main] org.apache.catalina.startup.VersionLoggerListener.log Server version:        Apache Tomcat/8.0.24
31-Aug-2016 02:09:31.810 INFO [main] org.apache.catalina.startup.VersionLoggerListener.log Server built:          Jul 1 2015 20:19:55 UTC
31-Aug-2016 02:09:31.811 INFO [main] org.apache.catalina.startup.VersionLoggerListener.log Server number:         8.0.24.0
31-Aug-2016 02:09:31.811 INFO [main] org.apache.catalina.startup.VersionLoggerListener.log OS Name:               Windows 10
31-Aug-2016 02:09:31.812 INFO [main] org.apache.catalina.startup.VersionLoggerListener.log OS Version:            10.0
31-Aug-2016 02:09:31.812 INFO [main] org.apache.catalina.startup.VersionLoggerListener.log Architecture:          amd64
31-Aug-2016 02:09:31.813 INFO [main] org.apache.catalina.startup.VersionLoggerListener.log Java Home:             C:\Program Files\Java\jdk1.8.0_92\jre
31-Aug-2016 02:09:31.813 INFO [main] org.apache.catalina.startup.VersionLoggerListener.log JVM Version:           1.8.0_92-b14
31-Aug-2016 02:09:31.814 INFO [main] org.apache.catalina.startup.VersionLoggerListener.log JVM Vendor:            Oracle Corporation
31-Aug-2016 02:09:31.814 INFO [main] org.apache.catalina.startup.VersionLoggerListener.log CATALINA_BASE:         C:\Users\Gabriel\Desktop\LP3 - LAB\apache-tomcat-8.0.24
31-Aug-2016 02:09:31.815 INFO [main] org.apache.catalina.startup.VersionLoggerListener.log CATALINA_HOME:         C:\Users\Gabriel\Desktop\LP3 - LAB\apache-tomcat-8.0.24
31-Aug-2016 02:09:31.816 INFO [main] org.apache.catalina.startup.VersionLoggerListener.log Command line argument: -Djava.util.logging.config.file=C:\Users\Gabriel\Desktop\LP3 - LAB\apache-tomcat-8.0.24\conf\logging.properties
31-Aug-2016 02:09:31.816 INFO [main] org.apache.catalina.startup.VersionLoggerListener.log Command line argument: -Djava.util.logging.manager=org.apache.juli.ClassLoaderLogManager
31-Aug-2016 02:09:31.816 INFO [main] org.apache.catalina.startup.VersionLoggerListener.log Command line argument: -Djava.endorsed.dirs=C:\Users\Gabriel\Desktop\LP3 - LAB\apache-tomcat-8.0.24\endorsed
31-Aug-2016 02:09:31.817 INFO [main] org.apache.catalina.startup.VersionLoggerListener.log Command line argument: -Dcatalina.base=C:\Users\Gabriel\Desktop\LP3 - LAB\apache-tomcat-8.0.24
31-Aug-2016 02:09:31.817 INFO [main] org.apache.catalina.startup.VersionLoggerListener.log Command line argument: -Dcatalina.home=C:\Users\Gabriel\Desktop\LP3 - LAB\apache-tomcat-8.0.24
31-Aug-2016 02:09:31.819 INFO [main] org.apache.catalina.startup.VersionLoggerListener.log Command line argument: -Djava.io.tmpdir=C:\Users\Gabriel\Desktop\LP3 - LAB\apache-tomcat-8.0.24\temp
31-Aug-2016 02:09:31.820 INFO [main] org.apache.catalina.core.AprLifecycleListener.lifecycleEvent The APR based Apache Tomcat Native library which allows optimal performance in production environments was not found on the java.library.path: C:\Program Files\Java\jdk1.8.0_92\bin;C:\Windows\Sun\Java\bin;C:\Windows\system32;C:\Windows;C:\ProgramData\Oracle\Java\javapath;C:\Windows\system32;C:\Windows;C:\Windows\System32\Wbem;C:\Windows\System32\WindowsPowerShell\v1.0\;C:\Program Files (x86)\Skype\Phone\;C:\Windows\system32\config\systemprofile\.dnx\bin;C:\Program Files\Microsoft DNX\Dnvm\;C:\Program Files\Microsoft SQL Server\130\Tools\Binn\;C:\Program Files (x86)\MySQL\MySQL Fabric 1.5 & MySQL Utilities 1.5\;C:\Program Files (x86)\MySQL\MySQL Fabric 1.5 & MySQL Utilities 1.5\Doctrine extensions for PHP\;C:\Program Files\nodejs\;C:\Program Files\Git\cmd;C:\Program Files\TortoiseGit\bin;C:\Program Files\Java\jdk1.8.0_92;C:\Users\Gabriel\AppData\Roaming\npm;.
31-Aug-2016 02:09:31.993 INFO [main] org.apache.coyote.AbstractProtocol.init Initializing ProtocolHandler ["http-nio-8080"]
31-Aug-2016 02:09:32.014 SEVERE [main] org.apache.coyote.AbstractProtocol.init Failed to initialize end point associated with ProtocolHandler ["http-nio-8080"]
 java.net.BindException: Address already in use: bind
	at sun.nio.ch.Net.bind0(Native Method)
	at sun.nio.ch.Net.bind(Net.java:433)
	at sun.nio.ch.Net.bind(Net.java:425)
	at sun.nio.ch.ServerSocketChannelImpl.bind(ServerSocketChannelImpl.java:223)
	at sun.nio.ch.ServerSocketAdaptor.bind(ServerSocketAdaptor.java:74)
	at org.apache.tomcat.util.net.NioEndpoint.bind(NioEndpoint.java:339)
	at org.apache.tomcat.util.net.AbstractEndpoint.init(AbstractEndpoint.java:737)
	at org.apache.coyote.AbstractProtocol.init(AbstractProtocol.java:457)
	at org.apache.coyote.http11.AbstractHttp11JsseProtocol.init(AbstractHttp11JsseProtocol.java:120)
	at org.apache.catalina.connector.Connector.initInternal(Connector.java:960)
	at org.apache.catalina.util.LifecycleBase.init(LifecycleBase.java:102)
	at org.apache.catalina.core.StandardService.initInternal(StandardService.java:567)
	at org.apache.catalina.util.LifecycleBase.init(LifecycleBase.java:102)
	at org.apache.catalina.core.StandardServer.initInternal(StandardServer.java:851)
	at org.apache.catalina.util.LifecycleBase.init(LifecycleBase.java:102)
	at org.apache.catalina.startup.Catalina.load(Catalina.java:576)
	at org.apache.catalina.startup.Catalina.load(Catalina.java:599)
	at sun.reflect.NativeMethodAccessorImpl.invoke0(Native Method)
	at sun.reflect.NativeMethodAccessorImpl.invoke(NativeMethodAccessorImpl.java:62)
	at sun.reflect.DelegatingMethodAccessorImpl.invoke(DelegatingMethodAccessorImpl.java:43)
	at java.lang.reflect.Method.invoke(Method.java:498)
	at org.apache.catalina.startup.Bootstrap.load(Bootstrap.java:310)
	at org.apache.catalina.startup.Bootstrap.main(Bootstrap.java:484)

31-Aug-2016 02:09:32.022 SEVERE [main] org.apache.catalina.core.StandardService.initInternal Failed to initialize connector [Connector[HTTP/1.1-8080]]
 org.apache.catalina.LifecycleException: Failed to initialize component [Connector[HTTP/1.1-8080]]
	at org.apache.catalina.util.LifecycleBase.init(LifecycleBase.java:106)
	at org.apache.catalina.core.StandardService.initInternal(StandardService.java:567)
	at org.apache.catalina.util.LifecycleBase.init(LifecycleBase.java:102)
	at org.apache.catalina.core.StandardServer.initInternal(StandardServer.java:851)
	at org.apache.catalina.util.LifecycleBase.init(LifecycleBase.java:102)
	at org.apache.catalina.startup.Catalina.load(Catalina.java:576)
	at org.apache.catalina.startup.Catalina.load(Catalina.java:599)
	at sun.reflect.NativeMethodAccessorImpl.invoke0(Native Method)
	at sun.reflect.NativeMethodAccessorImpl.invoke(NativeMethodAccessorImpl.java:62)
	at sun.reflect.DelegatingMethodAccessorImpl.invoke(DelegatingMethodAccessorImpl.java:43)
	at java.lang.reflect.Method.invoke(Method.java:498)
	at org.apache.catalina.startup.Bootstrap.load(Bootstrap.java:310)
	at org.apache.catalina.startup.Bootstrap.main(Bootstrap.java:484)
Caused by: org.apache.catalina.LifecycleException: Protocol handler initialization failed
	at org.apache.catalina.connector.Connector.initInternal(Connector.java:962)
	at org.apache.catalina.util.LifecycleBase.init(LifecycleBase.java:102)
	... 12 more
Caused by: java.net.BindException: Address already in use: bind
	at sun.nio.ch.Net.bind0(Native Method)
	at sun.nio.ch.Net.bind(Net.java:433)
	at sun.nio.ch.Net.bind(Net.java:425)
	at sun.nio.ch.ServerSocketChannelImpl.bind(ServerSocketChannelImpl.java:223)
	at sun.nio.ch.ServerSocketAdaptor.bind(ServerSocketAdaptor.java:74)
	at org.apache.tomcat.util.net.NioEndpoint.bind(NioEndpoint.java:339)
	at org.apache.tomcat.util.net.AbstractEndpoint.init(AbstractEndpoint.java:737)
	at org.apache.coyote.AbstractProtocol.init(AbstractProtocol.java:457)
	at org.apache.coyote.http11.AbstractHttp11JsseProtocol.init(AbstractHttp11JsseProtocol.java:120)
	at org.apache.catalina.connector.Connector.initInternal(Connector.java:960)
	... 13 more

31-Aug-2016 02:09:32.028 INFO [main] org.apache.coyote.AbstractProtocol.init Initializing ProtocolHandler ["ajp-nio-8009"]
31-Aug-2016 02:09:32.033 SEVERE [main] org.apache.coyote.AbstractProtocol.init Failed to initialize end point associated with ProtocolHandler ["ajp-nio-8009"]
 java.net.BindException: Address already in use: bind
	at sun.nio.ch.Net.bind0(Native Method)
	at sun.nio.ch.Net.bind(Net.java:433)
	at sun.nio.ch.Net.bind(Net.java:425)
	at sun.nio.ch.ServerSocketChannelImpl.bind(ServerSocketChannelImpl.java:223)
	at sun.nio.ch.ServerSocketAdaptor.bind(ServerSocketAdaptor.java:74)
	at org.apache.tomcat.util.net.NioEndpoint.bind(NioEndpoint.java:339)
	at org.apache.tomcat.util.net.AbstractEndpoint.init(AbstractEndpoint.java:737)
	at org.apache.coyote.AbstractProtocol.init(AbstractProtocol.java:457)
	at org.apache.catalina.connector.Connector.initInternal(Connector.java:960)
	at org.apache.catalina.util.LifecycleBase.init(LifecycleBase.java:102)
	at org.apache.catalina.core.StandardService.initInternal(StandardService.java:567)
	at org.apache.catalina.util.LifecycleBase.init(LifecycleBase.java:102)
	at org.apache.catalina.core.StandardServer.initInternal(StandardServer.java:851)
	at org.apache.catalina.util.LifecycleBase.init(LifecycleBase.java:102)
	at org.apache.catalina.startup.Catalina.load(Catalina.java:576)
	at org.apache.catalina.startup.Catalina.load(Catalina.java:599)
	at sun.reflect.NativeMethodAccessorImpl.invoke0(Native Method)
	at sun.reflect.NativeMethodAccessorImpl.invoke(NativeMethodAccessorImpl.java:62)
	at sun.reflect.DelegatingMethodAccessorImpl.invoke(DelegatingMethodAccessorImpl.java:43)
	at java.lang.reflect.Method.invoke(Method.java:498)
	at org.apache.catalina.startup.Bootstrap.load(Bootstrap.java:310)
	at org.apache.catalina.startup.Bootstrap.main(Bootstrap.java:484)

31-Aug-2016 02:09:32.037 SEVERE [main] org.apache.catalina.core.StandardService.initInternal Failed to initialize connector [Connector[AJP/1.3-8009]]
 org.apache.catalina.LifecycleException: Failed to initialize component [Connector[AJP/1.3-8009]]
	at org.apache.catalina.util.LifecycleBase.init(LifecycleBase.java:106)
	at org.apache.catalina.core.StandardService.initInternal(StandardService.java:567)
	at org.apache.catalina.util.LifecycleBase.init(LifecycleBase.java:102)
	at org.apache.catalina.core.StandardServer.initInternal(StandardServer.java:851)
	at org.apache.catalina.util.LifecycleBase.init(LifecycleBase.java:102)
	at org.apache.catalina.startup.Catalina.load(Catalina.java:576)
	at org.apache.catalina.startup.Catalina.load(Catalina.java:599)
	at sun.reflect.NativeMethodAccessorImpl.invoke0(Native Method)
	at sun.reflect.NativeMethodAccessorImpl.invoke(NativeMethodAccessorImpl.java:62)
	at sun.reflect.DelegatingMethodAccessorImpl.invoke(DelegatingMethodAccessorImpl.java:43)
	at java.lang.reflect.Method.invoke(Method.java:498)
	at org.apache.catalina.startup.Bootstrap.load(Bootstrap.java:310)
	at org.apache.catalina.startup.Bootstrap.main(Bootstrap.java:484)
Caused by: org.apache.catalina.LifecycleException: Protocol handler initialization failed
	at org.apache.catalina.connector.Connector.initInternal(Connector.java:962)
	at org.apache.catalina.util.LifecycleBase.init(LifecycleBase.java:102)
	... 12 more
Caused by: java.net.BindException: Address already in use: bind
	at sun.nio.ch.Net.bind0(Native Method)
	at sun.nio.ch.Net.bind(Net.java:433)
	at sun.nio.ch.Net.bind(Net.java:425)
	at sun.nio.ch.ServerSocketChannelImpl.bind(ServerSocketChannelImpl.java:223)
	at sun.nio.ch.ServerSocketAdaptor.bind(ServerSocketAdaptor.java:74)
	at org.apache.tomcat.util.net.NioEndpoint.bind(NioEndpoint.java:339)
	at org.apache.tomcat.util.net.AbstractEndpoint.init(AbstractEndpoint.java:737)
	at org.apache.coyote.AbstractProtocol.init(AbstractProtocol.java:457)
	at org.apache.catalina.connector.Connector.initInternal(Connector.java:960)
	... 13 more

31-Aug-2016 02:09:32.044 INFO [main] org.apache.catalina.startup.Catalina.load Initialization processed in 712 ms
31-Aug-2016 02:09:32.077 INFO [main] org.apache.catalina.core.StandardService.startInternal Starting service Catalina
31-Aug-2016 02:09:32.078 INFO [main] org.apache.catalina.core.StandardEngine.startInternal Starting Servlet Engine: Apache Tomcat/8.0.24
31-Aug-2016 02:09:32.091 INFO [localhost-startStop-1] org.apache.catalina.startup.HostConfig.deployDirectory Deploying web application directory C:\Users\Gabriel\Desktop\LP3 - LAB\apache-tomcat-8.0.24\webapps\docs
31-Aug-2016 02:09:32.460 INFO [localhost-startStop-1] org.apache.catalina.startup.HostConfig.deployDirectory Deployment of web application directory C:\Users\Gabriel\Desktop\LP3 - LAB\apache-tomcat-8.0.24\webapps\docs has finished in 369 ms
31-Aug-2016 02:09:32.461 INFO [localhost-startStop-1] org.apache.catalina.startup.HostConfig.deployDirectory Deploying web application directory C:\Users\Gabriel\Desktop\LP3 - LAB\apache-tomcat-8.0.24\webapps\examples
31-Aug-2016 02:09:32.943 INFO [localhost-startStop-1] org.apache.catalina.startup.HostConfig.deployDirectory Deployment of web application directory C:\Users\Gabriel\Desktop\LP3 - LAB\apache-tomcat-8.0.24\webapps\examples has finished in 482 ms
31-Aug-2016 02:09:32.944 INFO [localhost-startStop-1] org.apache.catalina.startup.HostConfig.deployDirectory Deploying web application directory C:\Users\Gabriel\Desktop\LP3 - LAB\apache-tomcat-8.0.24\webapps\host-manager
31-Aug-2016 02:09:32.980 INFO [localhost-startStop-1] org.apache.catalina.startup.HostConfig.deployDirectory Deployment of web application directory C:\Users\Gabriel\Desktop\LP3 - LAB\apache-tomcat-8.0.24\webapps\host-manager has finished in 36 ms
31-Aug-2016 02:09:32.981 INFO [localhost-startStop-1] org.apache.catalina.startup.HostConfig.deployDirectory Deploying web application directory C:\Users\Gabriel\Desktop\LP3 - LAB\apache-tomcat-8.0.24\webapps\manager
31-Aug-2016 02:09:33.032 INFO [localhost-startStop-1] org.apache.catalina.startup.HostConfig.deployDirectory Deployment of web application directory C:\Users\Gabriel\Desktop\LP3 - LAB\apache-tomcat-8.0.24\webapps\manager has finished in 51 ms
31-Aug-2016 02:09:33.033 INFO [localhost-startStop-1] org.apache.catalina.startup.HostConfig.deployDirectory Deploying web application directory C:\Users\Gabriel\Desktop\LP3 - LAB\apache-tomcat-8.0.24\webapps\ROOT
31-Aug-2016 02:09:33.062 INFO [localhost-startStop-1] org.apache.catalina.startup.HostConfig.deployDirectory Deployment of web application directory C:\Users\Gabriel\Desktop\LP3 - LAB\apache-tomcat-8.0.24\webapps\ROOT has finished in 29 ms
31-Aug-2016 02:09:33.068 INFO [main] org.apache.catalina.startup.Catalina.start Server startup in 1022 ms
31-Aug-2016 02:09:33.074 SEVERE [main] org.apache.catalina.core.StandardServer.await StandardServer.await: create[localhost:8005]: 
 java.net.BindException: Address already in use: JVM_Bind
	at java.net.DualStackPlainSocketImpl.bind0(Native Method)
	at java.net.DualStackPlainSocketImpl.socketBind(DualStackPlainSocketImpl.java:106)
	at java.net.AbstractPlainSocketImpl.bind(AbstractPlainSocketImpl.java:387)
	at java.net.PlainSocketImpl.bind(PlainSocketImpl.java:190)
	at java.net.ServerSocket.bind(ServerSocket.java:375)
	at java.net.ServerSocket.<init>(ServerSocket.java:237)
	at org.apache.catalina.core.StandardServer.await(StandardServer.java:420)
	at org.apache.catalina.startup.Catalina.await(Catalina.java:713)
	at org.apache.catalina.startup.Catalina.start(Catalina.java:659)
	at sun.reflect.NativeMethodAccessorImpl.invoke0(Native Method)
	at sun.reflect.NativeMethodAccessorImpl.invoke(NativeMethodAccessorImpl.java:62)
	at sun.reflect.DelegatingMethodAccessorImpl.invoke(DelegatingMethodAccessorImpl.java:43)
	at java.lang.reflect.Method.invoke(Method.java:498)
	at org.apache.catalina.startup.Bootstrap.start(Bootstrap.java:351)
	at org.apache.catalina.startup.Bootstrap.main(Bootstrap.java:485)

31-Aug-2016 02:09:33.077 INFO [main] org.apache.coyote.AbstractProtocol.pause Pausing ProtocolHandler ["http-nio-8080"]
31-Aug-2016 02:09:33.078 INFO [main] org.apache.coyote.AbstractProtocol.pause Pausing ProtocolHandler ["ajp-nio-8009"]
31-Aug-2016 02:09:33.082 INFO [main] org.apache.catalina.core.StandardService.stopInternal Stopping service Catalina
31-Aug-2016 02:09:33.132 INFO [main] org.apache.coyote.AbstractProtocol.stop Stopping ProtocolHandler ["http-nio-8080"]
31-Aug-2016 02:09:33.133 INFO [main] org.apache.coyote.AbstractProtocol.destroy Destroying ProtocolHandler ["http-nio-8080"]
31-Aug-2016 02:09:33.134 INFO [main] org.apache.coyote.AbstractProtocol.stop Stopping ProtocolHandler ["ajp-nio-8009"]
31-Aug-2016 02:09:33.137 INFO [main] org.apache.coyote.AbstractProtocol.destroy Destroying ProtocolHandler ["ajp-nio-8009"]
31-Aug-2016 02:09:43.583 INFO [main] org.apache.catalina.startup.VersionLoggerListener.log Server version:        Apache Tomcat/8.0.24
31-Aug-2016 02:09:43.585 INFO [main] org.apache.catalina.startup.VersionLoggerListener.log Server built:          Jul 1 2015 20:19:55 UTC
31-Aug-2016 02:09:43.586 INFO [main] org.apache.catalina.startup.VersionLoggerListener.log Server number:         8.0.24.0
31-Aug-2016 02:09:43.586 INFO [main] org.apache.catalina.startup.VersionLoggerListener.log OS Name:               Windows 10
31-Aug-2016 02:09:43.586 INFO [main] org.apache.catalina.startup.VersionLoggerListener.log OS Version:            10.0
31-Aug-2016 02:09:43.586 INFO [main] org.apache.catalina.startup.VersionLoggerListener.log Architecture:          amd64
31-Aug-2016 02:09:43.587 INFO [main] org.apache.catalina.startup.VersionLoggerListener.log Java Home:             C:\Program Files\Java\jdk1.8.0_92\jre
31-Aug-2016 02:09:43.587 INFO [main] org.apache.catalina.startup.VersionLoggerListener.log JVM Version:           1.8.0_92-b14
31-Aug-2016 02:09:43.587 INFO [main] org.apache.catalina.startup.VersionLoggerListener.log JVM Vendor:            Oracle Corporation
31-Aug-2016 02:09:43.587 INFO [main] org.apache.catalina.startup.VersionLoggerListener.log CATALINA_BASE:         C:\Users\Gabriel\Desktop\LP3 - LAB\apache-tomcat-8.0.24
31-Aug-2016 02:09:43.588 INFO [main] org.apache.catalina.startup.VersionLoggerListener.log CATALINA_HOME:         C:\Users\Gabriel\Desktop\LP3 - LAB\apache-tomcat-8.0.24
31-Aug-2016 02:09:43.588 INFO [main] org.apache.catalina.startup.VersionLoggerListener.log Command line argument: -Djava.util.logging.config.file=C:\Users\Gabriel\Desktop\LP3 - LAB\apache-tomcat-8.0.24\conf\logging.properties
31-Aug-2016 02:09:43.589 INFO [main] org.apache.catalina.startup.VersionLoggerListener.log Command line argument: -Djava.util.logging.manager=org.apache.juli.ClassLoaderLogManager
31-Aug-2016 02:09:43.589 INFO [main] org.apache.catalina.startup.VersionLoggerListener.log Command line argument: -Djava.endorsed.dirs=C:\Users\Gabriel\Desktop\LP3 - LAB\apache-tomcat-8.0.24\endorsed
31-Aug-2016 02:09:43.589 INFO [main] org.apache.catalina.startup.VersionLoggerListener.log Command line argument: -Dcatalina.base=C:\Users\Gabriel\Desktop\LP3 - LAB\apache-tomcat-8.0.24
31-Aug-2016 02:09:43.590 INFO [main] org.apache.catalina.startup.VersionLoggerListener.log Command line argument: -Dcatalina.home=C:\Users\Gabriel\Desktop\LP3 - LAB\apache-tomcat-8.0.24
31-Aug-2016 02:09:43.590 INFO [main] org.apache.catalina.startup.VersionLoggerListener.log Command line argument: -Djava.io.tmpdir=C:\Users\Gabriel\Desktop\LP3 - LAB\apache-tomcat-8.0.24\temp
31-Aug-2016 02:09:43.591 INFO [main] org.apache.catalina.core.AprLifecycleListener.lifecycleEvent The APR based Apache Tomcat Native library which allows optimal performance in production environments was not found on the java.library.path: C:\Program Files\Java\jdk1.8.0_92\bin;C:\Windows\Sun\Java\bin;C:\Windows\system32;C:\Windows;C:\ProgramData\Oracle\Java\javapath;C:\Windows\system32;C:\Windows;C:\Windows\System32\Wbem;C:\Windows\System32\WindowsPowerShell\v1.0\;C:\Program Files (x86)\Skype\Phone\;C:\Windows\system32\config\systemprofile\.dnx\bin;C:\Program Files\Microsoft DNX\Dnvm\;C:\Program Files\Microsoft SQL Server\130\Tools\Binn\;C:\Program Files (x86)\MySQL\MySQL Fabric 1.5 & MySQL Utilities 1.5\;C:\Program Files (x86)\MySQL\MySQL Fabric 1.5 & MySQL Utilities 1.5\Doctrine extensions for PHP\;C:\Program Files\nodejs\;C:\Program Files\Git\cmd;C:\Program Files\TortoiseGit\bin;C:\Program Files\Java\jdk1.8.0_92;C:\Users\Gabriel\AppData\Roaming\npm;.
31-Aug-2016 02:09:43.742 INFO [main] org.apache.coyote.AbstractProtocol.init Initializing ProtocolHandler ["http-nio-8080"]
31-Aug-2016 02:09:43.827 INFO [main] org.apache.tomcat.util.net.NioSelectorPool.getSharedSelector Using a shared selector for servlet write/read
31-Aug-2016 02:09:43.831 INFO [main] org.apache.coyote.AbstractProtocol.init Initializing ProtocolHandler ["ajp-nio-8009"]
31-Aug-2016 02:09:43.835 INFO [main] org.apache.tomcat.util.net.NioSelectorPool.getSharedSelector Using a shared selector for servlet write/read
31-Aug-2016 02:09:43.836 INFO [main] org.apache.catalina.startup.Catalina.load Initialization processed in 715 ms
31-Aug-2016 02:09:43.863 INFO [main] org.apache.catalina.core.StandardService.startInternal Starting service Catalina
31-Aug-2016 02:09:43.865 INFO [main] org.apache.catalina.core.StandardEngine.startInternal Starting Servlet Engine: Apache Tomcat/8.0.24
31-Aug-2016 02:09:43.878 INFO [localhost-startStop-1] org.apache.catalina.startup.HostConfig.deployDirectory Deploying web application directory C:\Users\Gabriel\Desktop\LP3 - LAB\apache-tomcat-8.0.24\webapps\docs
31-Aug-2016 02:09:44.204 INFO [localhost-startStop-1] org.apache.catalina.startup.HostConfig.deployDirectory Deployment of web application directory C:\Users\Gabriel\Desktop\LP3 - LAB\apache-tomcat-8.0.24\webapps\docs has finished in 326 ms
31-Aug-2016 02:09:44.205 INFO [localhost-startStop-1] org.apache.catalina.startup.HostConfig.deployDirectory Deploying web application directory C:\Users\Gabriel\Desktop\LP3 - LAB\apache-tomcat-8.0.24\webapps\examples
31-Aug-2016 02:09:44.658 INFO [localhost-startStop-1] org.apache.catalina.startup.HostConfig.deployDirectory Deployment of web application directory C:\Users\Gabriel\Desktop\LP3 - LAB\apache-tomcat-8.0.24\webapps\examples has finished in 453 ms
31-Aug-2016 02:09:44.659 INFO [localhost-startStop-1] org.apache.catalina.startup.HostConfig.deployDirectory Deploying web application directory C:\Users\Gabriel\Desktop\LP3 - LAB\apache-tomcat-8.0.24\webapps\host-manager
31-Aug-2016 02:09:44.710 INFO [localhost-startStop-1] org.apache.catalina.startup.HostConfig.deployDirectory Deployment of web application directory C:\Users\Gabriel\Desktop\LP3 - LAB\apache-tomcat-8.0.24\webapps\host-manager has finished in 51 ms
31-Aug-2016 02:09:44.711 INFO [localhost-startStop-1] org.apache.catalina.startup.HostConfig.deployDirectory Deploying web application directory C:\Users\Gabriel\Desktop\LP3 - LAB\apache-tomcat-8.0.24\webapps\manager
31-Aug-2016 02:09:44.757 INFO [localhost-startStop-1] org.apache.catalina.startup.HostConfig.deployDirectory Deployment of web application directory C:\Users\Gabriel\Desktop\LP3 - LAB\apache-tomcat-8.0.24\webapps\manager has finished in 46 ms
31-Aug-2016 02:09:44.758 INFO [localhost-startStop-1] org.apache.catalina.startup.HostConfig.deployDirectory Deploying web application directory C:\Users\Gabriel\Desktop\LP3 - LAB\apache-tomcat-8.0.24\webapps\ROOT
31-Aug-2016 02:09:44.791 INFO [localhost-startStop-1] org.apache.catalina.startup.HostConfig.deployDirectory Deployment of web application directory C:\Users\Gabriel\Desktop\LP3 - LAB\apache-tomcat-8.0.24\webapps\ROOT has finished in 33 ms
31-Aug-2016 02:09:44.795 INFO [main] org.apache.coyote.AbstractProtocol.start Starting ProtocolHandler ["http-nio-8080"]
31-Aug-2016 02:09:44.803 INFO [main] org.apache.coyote.AbstractProtocol.start Starting ProtocolHandler ["ajp-nio-8009"]
31-Aug-2016 02:09:44.806 INFO [main] org.apache.catalina.startup.Catalina.start Server startup in 970 ms
31-Aug-2016 02:17:57.818 INFO [Thread-5] org.apache.coyote.AbstractProtocol.pause Pausing ProtocolHandler ["http-nio-8080"]
31-Aug-2016 02:17:57.920 INFO [Thread-5] org.apache.coyote.AbstractProtocol.pause Pausing ProtocolHandler ["ajp-nio-8009"]
31-Aug-2016 02:17:57.971 INFO [Thread-5] org.apache.catalina.core.StandardService.stopInternal Stopping service Catalina
31-Aug-2016 02:17:58.032 INFO [Thread-5] org.apache.coyote.AbstractProtocol.stop Stopping ProtocolHandler ["http-nio-8080"]
31-Aug-2016 02:17:58.037 INFO [Thread-5] org.apache.coyote.AbstractProtocol.stop Stopping ProtocolHandler ["ajp-nio-8009"]
31-Aug-2016 02:17:58.115 INFO [Thread-5] org.apache.coyote.AbstractProtocol.destroy Destroying ProtocolHandler ["http-nio-8080"]
31-Aug-2016 02:17:58.118 INFO [Thread-5] org.apache.coyote.AbstractProtocol.destroy Destroying ProtocolHandler ["ajp-nio-8009"]
31-Aug-2016 02:18:20.183 INFO [main] org.apache.catalina.startup.VersionLoggerListener.log Server version:        Apache Tomcat/8.0.24
31-Aug-2016 02:18:20.185 INFO [main] org.apache.catalina.startup.VersionLoggerListener.log Server built:          Jul 1 2015 20:19:55 UTC
31-Aug-2016 02:18:20.185 INFO [main] org.apache.catalina.startup.VersionLoggerListener.log Server number:         8.0.24.0
31-Aug-2016 02:18:20.186 INFO [main] org.apache.catalina.startup.VersionLoggerListener.log OS Name:               Windows 10
31-Aug-2016 02:18:20.186 INFO [main] org.apache.catalina.startup.VersionLoggerListener.log OS Version:            10.0
31-Aug-2016 02:18:20.187 INFO [main] org.apache.catalina.startup.VersionLoggerListener.log Architecture:          amd64
31-Aug-2016 02:18:20.187 INFO [main] org.apache.catalina.startup.VersionLoggerListener.log Java Home:             C:\Program Files\Java\jdk1.8.0_92\jre
31-Aug-2016 02:18:20.187 INFO [main] org.apache.catalina.startup.VersionLoggerListener.log JVM Version:           1.8.0_92-b14
31-Aug-2016 02:18:20.188 INFO [main] org.apache.catalina.startup.VersionLoggerListener.log JVM Vendor:            Oracle Corporation
31-Aug-2016 02:18:20.188 INFO [main] org.apache.catalina.startup.VersionLoggerListener.log CATALINA_BASE:         C:\Users\Gabriel\Desktop\LP3 - LAB\apache-tomcat-8.0.24
31-Aug-2016 02:18:20.188 INFO [main] org.apache.catalina.startup.VersionLoggerListener.log CATALINA_HOME:         C:\Users\Gabriel\Desktop\LP3 - LAB\apache-tomcat-8.0.24
31-Aug-2016 02:18:20.189 INFO [main] org.apache.catalina.startup.VersionLoggerListener.log Command line argument: -Djava.util.logging.config.file=C:\Users\Gabriel\Desktop\LP3 - LAB\apache-tomcat-8.0.24\conf\logging.properties
31-Aug-2016 02:18:20.190 INFO [main] org.apache.catalina.startup.VersionLoggerListener.log Command line argument: -Djava.util.logging.manager=org.apache.juli.ClassLoaderLogManager
31-Aug-2016 02:18:20.190 INFO [main] org.apache.catalina.startup.VersionLoggerListener.log Command line argument: -Djava.endorsed.dirs=C:\Users\Gabriel\Desktop\LP3 - LAB\apache-tomcat-8.0.24\endorsed
31-Aug-2016 02:18:20.190 INFO [main] org.apache.catalina.startup.VersionLoggerListener.log Command line argument: -Dcatalina.base=C:\Users\Gabriel\Desktop\LP3 - LAB\apache-tomcat-8.0.24
31-Aug-2016 02:18:20.191 INFO [main] org.apache.catalina.startup.VersionLoggerListener.log Command line argument: -Dcatalina.home=C:\Users\Gabriel\Desktop\LP3 - LAB\apache-tomcat-8.0.24
31-Aug-2016 02:18:20.191 INFO [main] org.apache.catalina.startup.VersionLoggerListener.log Command line argument: -Djava.io.tmpdir=C:\Users\Gabriel\Desktop\LP3 - LAB\apache-tomcat-8.0.24\temp
31-Aug-2016 02:18:20.192 INFO [main] org.apache.catalina.core.AprLifecycleListener.lifecycleEvent The APR based Apache Tomcat Native library which allows optimal performance in production environments was not found on the java.library.path: C:\Program Files\Java\jdk1.8.0_92\bin;C:\Windows\Sun\Java\bin;C:\Windows\system32;C:\Windows;C:\ProgramData\Oracle\Java\javapath;C:\Windows\system32;C:\Windows;C:\Windows\System32\Wbem;C:\Windows\System32\WindowsPowerShell\v1.0\;C:\Program Files (x86)\Skype\Phone\;C:\Windows\system32\config\systemprofile\.dnx\bin;C:\Program Files\Microsoft DNX\Dnvm\;C:\Program Files\Microsoft SQL Server\130\Tools\Binn\;C:\Program Files (x86)\MySQL\MySQL Fabric 1.5 & MySQL Utilities 1.5\;C:\Program Files (x86)\MySQL\MySQL Fabric 1.5 & MySQL Utilities 1.5\Doctrine extensions for PHP\;C:\Program Files\nodejs\;C:\Program Files\Git\cmd;C:\Program Files\TortoiseGit\bin;C:\Program Files\Java\jdk1.8.0_92;C:\Users\Gabriel\AppData\Roaming\npm;.
31-Aug-2016 02:18:20.394 INFO [main] org.apache.coyote.AbstractProtocol.init Initializing ProtocolHandler ["http-nio-8080"]
31-Aug-2016 02:18:20.507 INFO [main] org.apache.tomcat.util.net.NioSelectorPool.getSharedSelector Using a shared selector for servlet write/read
31-Aug-2016 02:18:20.512 INFO [main] org.apache.coyote.AbstractProtocol.init Initializing ProtocolHandler ["ajp-nio-8009"]
31-Aug-2016 02:18:20.517 INFO [main] org.apache.tomcat.util.net.NioSelectorPool.getSharedSelector Using a shared selector for servlet write/read
31-Aug-2016 02:18:20.517 INFO [main] org.apache.catalina.startup.Catalina.load Initialization processed in 866 ms
31-Aug-2016 02:18:20.556 INFO [main] org.apache.catalina.core.StandardService.startInternal Starting service Catalina
31-Aug-2016 02:18:20.557 INFO [main] org.apache.catalina.core.StandardEngine.startInternal Starting Servlet Engine: Apache Tomcat/8.0.24
31-Aug-2016 02:18:20.572 INFO [localhost-startStop-1] org.apache.catalina.startup.HostConfig.deployDirectory Deploying web application directory C:\Users\Gabriel\Desktop\LP3 - LAB\apache-tomcat-8.0.24\webapps\docs
31-Aug-2016 02:18:21.006 INFO [localhost-startStop-1] org.apache.catalina.startup.HostConfig.deployDirectory Deployment of web application directory C:\Users\Gabriel\Desktop\LP3 - LAB\apache-tomcat-8.0.24\webapps\docs has finished in 434 ms
31-Aug-2016 02:18:21.007 INFO [localhost-startStop-1] org.apache.catalina.startup.HostConfig.deployDirectory Deploying web application directory C:\Users\Gabriel\Desktop\LP3 - LAB\apache-tomcat-8.0.24\webapps\examples
31-Aug-2016 02:18:24.702 INFO [localhost-startStop-1] org.apache.catalina.startup.HostConfig.deployDirectory Deployment of web application directory C:\Users\Gabriel\Desktop\LP3 - LAB\apache-tomcat-8.0.24\webapps\examples has finished in 3,695 ms
31-Aug-2016 02:18:24.703 INFO [localhost-startStop-1] org.apache.catalina.startup.HostConfig.deployDirectory Deploying web application directory C:\Users\Gabriel\Desktop\LP3 - LAB\apache-tomcat-8.0.24\webapps\host-manager
31-Aug-2016 02:18:24.777 INFO [localhost-startStop-1] org.apache.catalina.startup.HostConfig.deployDirectory Deployment of web application directory C:\Users\Gabriel\Desktop\LP3 - LAB\apache-tomcat-8.0.24\webapps\host-manager has finished in 74 ms
31-Aug-2016 02:18:24.778 INFO [localhost-startStop-1] org.apache.catalina.startup.HostConfig.deployDirectory Deploying web application directory C:\Users\Gabriel\Desktop\LP3 - LAB\apache-tomcat-8.0.24\webapps\manager
31-Aug-2016 02:18:24.886 INFO [localhost-startStop-1] org.apache.catalina.startup.HostConfig.deployDirectory Deployment of web application directory C:\Users\Gabriel\Desktop\LP3 - LAB\apache-tomcat-8.0.24\webapps\manager has finished in 108 ms
31-Aug-2016 02:18:24.887 INFO [localhost-startStop-1] org.apache.catalina.startup.HostConfig.deployDirectory Deploying web application directory C:\Users\Gabriel\Desktop\LP3 - LAB\apache-tomcat-8.0.24\webapps\ROOT
31-Aug-2016 02:18:24.946 INFO [localhost-startStop-1] org.apache.catalina.startup.HostConfig.deployDirectory Deployment of web application directory C:\Users\Gabriel\Desktop\LP3 - LAB\apache-tomcat-8.0.24\webapps\ROOT has finished in 59 ms
31-Aug-2016 02:18:24.952 INFO [main] org.apache.coyote.AbstractProtocol.start Starting ProtocolHandler ["http-nio-8080"]
31-Aug-2016 02:18:24.960 INFO [main] org.apache.coyote.AbstractProtocol.start Starting ProtocolHandler ["ajp-nio-8009"]
31-Aug-2016 02:18:24.963 INFO [main] org.apache.catalina.startup.Catalina.start Server startup in 4444 ms
31-Aug-2016 02:19:40.100 INFO [http-nio-8080-exec-2] org.apache.catalina.startup.HostConfig.deployWAR Deploying web application archive C:\Users\Gabriel\Desktop\LP3 - LAB\apache-tomcat-8.0.24\webapps\AppExemplo.war
31-Aug-2016 02:19:40.350 INFO [http-nio-8080-exec-2] org.apache.catalina.startup.HostConfig.deployWAR Deployment of web application archive C:\Users\Gabriel\Desktop\LP3 - LAB\apache-tomcat-8.0.24\webapps\AppExemplo.war has finished in 250 ms
31-Aug-2016 11:32:27.837 INFO [main] org.apache.catalina.startup.VersionLoggerListener.log Server version:        Apache Tomcat/8.0.24
31-Aug-2016 11:32:27.839 INFO [main] org.apache.catalina.startup.VersionLoggerListener.log Server built:          Jul 1 2015 20:19:55 UTC
31-Aug-2016 11:32:27.839 INFO [main] org.apache.catalina.startup.VersionLoggerListener.log Server number:         8.0.24.0
31-Aug-2016 11:32:27.839 INFO [main] org.apache.catalina.startup.VersionLoggerListener.log OS Name:               Windows 10
31-Aug-2016 11:32:27.840 INFO [main] org.apache.catalina.startup.VersionLoggerListener.log OS Version:            10.0
31-Aug-2016 11:32:27.840 INFO [main] org.apache.catalina.startup.VersionLoggerListener.log Architecture:          amd64
31-Aug-2016 11:32:27.840 INFO [main] org.apache.catalina.startup.VersionLoggerListener.log Java Home:             C:\Program Files\Java\jdk1.8.0_91\jre
31-Aug-2016 11:32:27.841 INFO [main] org.apache.catalina.startup.VersionLoggerListener.log JVM Version:           1.8.0_91-b15
31-Aug-2016 11:32:27.841 INFO [main] org.apache.catalina.startup.VersionLoggerListener.log JVM Vendor:            Oracle Corporation
31-Aug-2016 11:32:27.841 INFO [main] org.apache.catalina.startup.VersionLoggerListener.log CATALINA_BASE:         C:\Users\gsantos\Desktop\LP3---Ambiente-Configurado\apache-tomcat-8.0.24
31-Aug-2016 11:32:27.841 INFO [main] org.apache.catalina.startup.VersionLoggerListener.log CATALINA_HOME:         C:\Users\gsantos\Desktop\LP3---Ambiente-Configurado\apache-tomcat-8.0.24
31-Aug-2016 11:32:27.842 INFO [main] org.apache.catalina.startup.VersionLoggerListener.log Command line argument: -Djava.util.logging.config.file=C:\Users\gsantos\Desktop\LP3---Ambiente-Configurado\apache-tomcat-8.0.24\conf\logging.properties
31-Aug-2016 11:32:27.842 INFO [main] org.apache.catalina.startup.VersionLoggerListener.log Command line argument: -Djava.util.logging.manager=org.apache.juli.ClassLoaderLogManager
31-Aug-2016 11:32:27.843 INFO [main] org.apache.catalina.startup.VersionLoggerListener.log Command line argument: -Djava.endorsed.dirs=C:\Users\gsantos\Desktop\LP3---Ambiente-Configurado\apache-tomcat-8.0.24\endorsed
31-Aug-2016 11:32:27.843 INFO [main] org.apache.catalina.startup.VersionLoggerListener.log Command line argument: -Dcatalina.base=C:\Users\gsantos\Desktop\LP3---Ambiente-Configurado\apache-tomcat-8.0.24
31-Aug-2016 11:32:27.843 INFO [main] org.apache.catalina.startup.VersionLoggerListener.log Command line argument: -Dcatalina.home=C:\Users\gsantos\Desktop\LP3---Ambiente-Configurado\apache-tomcat-8.0.24
31-Aug-2016 11:32:27.844 INFO [main] org.apache.catalina.startup.VersionLoggerListener.log Command line argument: -Djava.io.tmpdir=C:\Users\gsantos\Desktop\LP3---Ambiente-Configurado\apache-tomcat-8.0.24\temp
31-Aug-2016 11:32:27.845 INFO [main] org.apache.catalina.core.AprLifecycleListener.lifecycleEvent The APR based Apache Tomcat Native library which allows optimal performance in production environments was not found on the java.library.path: C:\Program Files\Java\jdk1.8.0_91\bin;C:\WINDOWS\Sun\Java\bin;C:\WINDOWS\system32;C:\WINDOWS;C:\ProgramData\Oracle\Java\javapath;C:\Program Files\Broadcom\Broadcom 802.11 Network Adapter\Driver;C:\Program Files (x86)\Intel\iCLS Client\;C:\Program Files\Intel\iCLS Client\;C:\WINDOWS\system32;C:\WINDOWS;C:\WINDOWS\System32\Wbem;C:\WINDOWS\System32\WindowsPowerShell\v1.0\;C:\Program Files\Intel\Intel(R) Management Engine Components\DAL;C:\Program Files\Intel\Intel(R) Management Engine Components\IPT;C:\Program Files (x86)\Intel\Intel(R) Management Engine Components\DAL;C:\Program Files (x86)\Intel\Intel(R) Management Engine Components\IPT;C:\Program Files\Lenovo\Bluetooth Software\;C:\Program Files\Lenovo\Bluetooth Software\syswow64;C:\Program Files\nodejs\;C:\Program Files\TortoiseGit\bin;C:\Program Files\MongoDB\Server\3.2\bin;C:\Program Files\Java\jdk1.8.0_91\bin;C:\wamp64\bin\php\php5.6.19;C:\ProgramData\ComposerSetup\bin;C:\Users\gsantos\AppData\Roaming\npm;C:\Users\gsantos\AppData\Local\Programs\Git\cmd;C:\Users\gsantos\AppData\Roaming\Composer\vendor\bin;.
31-Aug-2016 11:32:28.040 INFO [main] org.apache.coyote.AbstractProtocol.init Initializing ProtocolHandler ["http-nio-8080"]
31-Aug-2016 11:32:28.128 INFO [main] org.apache.tomcat.util.net.NioSelectorPool.getSharedSelector Using a shared selector for servlet write/read
31-Aug-2016 11:32:28.131 INFO [main] org.apache.coyote.AbstractProtocol.init Initializing ProtocolHandler ["ajp-nio-8009"]
31-Aug-2016 11:32:28.134 INFO [main] org.apache.tomcat.util.net.NioSelectorPool.getSharedSelector Using a shared selector for servlet write/read
31-Aug-2016 11:32:28.135 INFO [main] org.apache.catalina.startup.Catalina.load Initialization processed in 842 ms
31-Aug-2016 11:32:28.170 INFO [main] org.apache.catalina.core.StandardService.startInternal Starting service Catalina
31-Aug-2016 11:32:28.171 INFO [main] org.apache.catalina.core.StandardEngine.startInternal Starting Servlet Engine: Apache Tomcat/8.0.24
31-Aug-2016 11:32:28.209 INFO [localhost-startStop-1] org.apache.catalina.startup.HostConfig.deployWAR Deploying web application archive C:\Users\gsantos\Desktop\LP3---Ambiente-Configurado\apache-tomcat-8.0.24\webapps\AppExemplo.war
31-Aug-2016 11:32:28.662 INFO [localhost-startStop-1] org.apache.catalina.startup.HostConfig.deployWAR Deployment of web application archive C:\Users\gsantos\Desktop\LP3---Ambiente-Configurado\apache-tomcat-8.0.24\webapps\AppExemplo.war has finished in 452 ms
31-Aug-2016 11:32:28.665 INFO [localhost-startStop-1] org.apache.catalina.startup.HostConfig.deployDirectory Deploying web application directory C:\Users\gsantos\Desktop\LP3---Ambiente-Configurado\apache-tomcat-8.0.24\webapps\docs
31-Aug-2016 11:32:28.735 INFO [localhost-startStop-1] org.apache.catalina.startup.HostConfig.deployDirectory Deployment of web application directory C:\Users\gsantos\Desktop\LP3---Ambiente-Configurado\apache-tomcat-8.0.24\webapps\docs has finished in 70 ms
31-Aug-2016 11:32:28.736 INFO [localhost-startStop-1] org.apache.catalina.startup.HostConfig.deployDirectory Deploying web application directory C:\Users\gsantos\Desktop\LP3---Ambiente-Configurado\apache-tomcat-8.0.24\webapps\examples
31-Aug-2016 11:32:31.108 INFO [localhost-startStop-1] org.apache.catalina.startup.HostConfig.deployDirectory Deployment of web application directory C:\Users\gsantos\Desktop\LP3---Ambiente-Configurado\apache-tomcat-8.0.24\webapps\examples has finished in 2,372 ms
31-Aug-2016 11:32:31.109 INFO [localhost-startStop-1] org.apache.catalina.startup.HostConfig.deployDirectory Deploying web application directory C:\Users\gsantos\Desktop\LP3---Ambiente-Configurado\apache-tomcat-8.0.24\webapps\host-manager
31-Aug-2016 11:32:31.286 INFO [localhost-startStop-1] org.apache.catalina.startup.HostConfig.deployDirectory Deployment of web application directory C:\Users\gsantos\Desktop\LP3---Ambiente-Configurado\apache-tomcat-8.0.24\webapps\host-manager has finished in 176 ms
31-Aug-2016 11:32:31.287 INFO [localhost-startStop-1] org.apache.catalina.startup.HostConfig.deployDirectory Deploying web application directory C:\Users\gsantos\Desktop\LP3---Ambiente-Configurado\apache-tomcat-8.0.24\webapps\manager
31-Aug-2016 11:32:31.433 INFO [localhost-startStop-1] org.apache.catalina.startup.HostConfig.deployDirectory Deployment of web application directory C:\Users\gsantos\Desktop\LP3---Ambiente-Configurado\apache-tomcat-8.0.24\webapps\manager has finished in 146 ms
31-Aug-2016 11:32:31.434 INFO [localhost-startStop-1] org.apache.catalina.startup.HostConfig.deployDirectory Deploying web application directory C:\Users\gsantos\Desktop\LP3---Ambiente-Configurado\apache-tomcat-8.0.24\webapps\ROOT
31-Aug-2016 11:32:31.537 INFO [localhost-startStop-1] org.apache.catalina.startup.HostConfig.deployDirectory Deployment of web application directory C:\Users\gsantos\Desktop\LP3---Ambiente-Configurado\apache-tomcat-8.0.24\webapps\ROOT has finished in 103 ms
31-Aug-2016 11:32:31.554 INFO [main] org.apache.coyote.AbstractProtocol.start Starting ProtocolHandler ["http-nio-8080"]
31-Aug-2016 11:32:31.570 INFO [main] org.apache.coyote.AbstractProtocol.start Starting ProtocolHandler ["ajp-nio-8009"]
31-Aug-2016 11:32:31.573 INFO [main] org.apache.catalina.startup.Catalina.start Server startup in 3437 ms
31-Aug-2016 12:22:40.185 INFO [http-nio-8080-exec-5] org.apache.catalina.startup.HostConfig.deployWAR Deploying web application archive C:\Users\gsantos\Desktop\LP3---Ambiente-Configurado\apache-tomcat-8.0.24\webapps\appLp3.war
31-Aug-2016 12:22:40.621 INFO [http-nio-8080-exec-5] org.apache.catalina.startup.HostConfig.deployWAR Deployment of web application archive C:\Users\gsantos\Desktop\LP3---Ambiente-Configurado\apache-tomcat-8.0.24\webapps\appLp3.war has finished in 435 ms
31-Aug-2016 12:28:28.177 INFO [http-nio-8080-exec-2] org.apache.catalina.startup.HostConfig.undeploy Undeploying context [/appLp3]
31-Aug-2016 12:28:33.927 INFO [http-nio-8080-exec-5] org.apache.catalina.startup.HostConfig.deployWAR Deploying web application archive C:\Users\gsantos\Desktop\LP3---Ambiente-Configurado\apache-tomcat-8.0.24\webapps\appLp3.war
31-Aug-2016 12:28:34.249 INFO [http-nio-8080-exec-5] org.apache.catalina.startup.HostConfig.deployWAR Deployment of web application archive C:\Users\gsantos\Desktop\LP3---Ambiente-Configurado\apache-tomcat-8.0.24\webapps\appLp3.war has finished in 322 ms
31-Aug-2016 12:44:22.813 INFO [http-nio-8080-exec-17] org.apache.catalina.startup.HostConfig.undeploy Undeploying context [/appLp3]
31-Aug-2016 12:44:27.635 INFO [http-nio-8080-exec-13] org.apache.catalina.startup.HostConfig.deployWAR Deploying web application archive C:\Users\gsantos\Desktop\LP3---Ambiente-Configurado\apache-tomcat-8.0.24\webapps\appLp3.war
31-Aug-2016 12:44:27.995 INFO [http-nio-8080-exec-13] org.apache.catalina.startup.HostConfig.deployWAR Deployment of web application archive C:\Users\gsantos\Desktop\LP3---Ambiente-Configurado\apache-tomcat-8.0.24\webapps\appLp3.war has finished in 360 ms
31-Aug-2016 14:17:28.267 INFO [http-nio-8080-exec-30] org.apache.catalina.startup.HostConfig.undeploy Undeploying context [/appLp3]
31-Aug-2016 14:17:33.546 INFO [http-nio-8080-exec-25] org.apache.catalina.startup.HostConfig.deployWAR Deploying web application archive C:\Users\gsantos\Desktop\LP3---Ambiente-Configurado\apache-tomcat-8.0.24\webapps\appLp3.war
31-Aug-2016 14:17:34.203 INFO [http-nio-8080-exec-25] org.apache.catalina.startup.HostConfig.deployWAR Deployment of web application archive C:\Users\gsantos\Desktop\LP3---Ambiente-Configurado\apache-tomcat-8.0.24\webapps\appLp3.war has finished in 657 ms
31-Aug-2016 14:19:29.699 INFO [http-nio-8080-exec-31] org.apache.catalina.startup.HostConfig.undeploy Undeploying context [/appLp3]
31-Aug-2016 14:19:34.131 INFO [http-nio-8080-exec-35] org.apache.catalina.startup.HostConfig.deployWAR Deploying web application archive C:\Users\gsantos\Desktop\LP3---Ambiente-Configurado\apache-tomcat-8.0.24\webapps\appLp3.war
31-Aug-2016 14:19:34.690 INFO [http-nio-8080-exec-35] org.apache.catalina.startup.HostConfig.deployWAR Deployment of web application archive C:\Users\gsantos\Desktop\LP3---Ambiente-Configurado\apache-tomcat-8.0.24\webapps\appLp3.war has finished in 558 ms
31-Aug-2016 14:22:05.315 INFO [http-nio-8080-exec-36] org.apache.catalina.startup.HostConfig.undeploy Undeploying context [/appLp3]
31-Aug-2016 14:22:09.721 INFO [http-nio-8080-exec-38] org.apache.catalina.startup.HostConfig.deployWAR Deploying web application archive C:\Users\gsantos\Desktop\LP3---Ambiente-Configurado\apache-tomcat-8.0.24\webapps\appLp3.war
31-Aug-2016 14:22:10.380 INFO [http-nio-8080-exec-38] org.apache.catalina.startup.HostConfig.deployWAR Deployment of web application archive C:\Users\gsantos\Desktop\LP3---Ambiente-Configurado\apache-tomcat-8.0.24\webapps\appLp3.war has finished in 659 ms
31-Aug-2016 14:23:53.768 INFO [http-nio-8080-exec-40] org.apache.catalina.startup.HostConfig.undeploy Undeploying context [/appLp3]
31-Aug-2016 14:23:57.799 INFO [http-nio-8080-exec-53] org.apache.catalina.startup.HostConfig.deployWAR Deploying web application archive C:\Users\gsantos\Desktop\LP3---Ambiente-Configurado\apache-tomcat-8.0.24\webapps\appLp3.war
31-Aug-2016 14:23:58.241 INFO [http-nio-8080-exec-53] org.apache.catalina.startup.HostConfig.deployWAR Deployment of web application archive C:\Users\gsantos\Desktop\LP3---Ambiente-Configurado\apache-tomcat-8.0.24\webapps\appLp3.war has finished in 441 ms
31-Aug-2016 14:27:23.134 INFO [http-nio-8080-exec-55] org.apache.catalina.startup.HostConfig.undeploy Undeploying context [/appLp3]
31-Aug-2016 14:27:27.531 INFO [http-nio-8080-exec-60] org.apache.catalina.startup.HostConfig.deployWAR Deploying web application archive C:\Users\gsantos\Desktop\LP3---Ambiente-Configurado\apache-tomcat-8.0.24\webapps\appLp3.war
31-Aug-2016 14:27:27.996 INFO [http-nio-8080-exec-60] org.apache.catalina.startup.HostConfig.deployWAR Deployment of web application archive C:\Users\gsantos\Desktop\LP3---Ambiente-Configurado\apache-tomcat-8.0.24\webapps\appLp3.war has finished in 465 ms
31-Aug-2016 14:31:29.830 INFO [main] org.apache.catalina.startup.VersionLoggerListener.log Server version:        Apache Tomcat/8.0.24
31-Aug-2016 14:31:29.832 INFO [main] org.apache.catalina.startup.VersionLoggerListener.log Server built:          Jul 1 2015 20:19:55 UTC
31-Aug-2016 14:31:29.833 INFO [main] org.apache.catalina.startup.VersionLoggerListener.log Server number:         8.0.24.0
31-Aug-2016 14:31:29.833 INFO [main] org.apache.catalina.startup.VersionLoggerListener.log OS Name:               Windows 10
31-Aug-2016 14:31:29.833 INFO [main] org.apache.catalina.startup.VersionLoggerListener.log OS Version:            10.0
31-Aug-2016 14:31:29.833 INFO [main] org.apache.catalina.startup.VersionLoggerListener.log Architecture:          amd64
31-Aug-2016 14:31:29.834 INFO [main] org.apache.catalina.startup.VersionLoggerListener.log Java Home:             C:\Program Files\Java\jdk1.8.0_91\jre
31-Aug-2016 14:31:29.834 INFO [main] org.apache.catalina.startup.VersionLoggerListener.log JVM Version:           1.8.0_91-b15
31-Aug-2016 14:31:29.834 INFO [main] org.apache.catalina.startup.VersionLoggerListener.log JVM Vendor:            Oracle Corporation
31-Aug-2016 14:31:29.834 INFO [main] org.apache.catalina.startup.VersionLoggerListener.log CATALINA_BASE:         C:\Users\gsantos\Desktop\LP3---Ambiente-Configurado\apache-tomcat-8.0.24
31-Aug-2016 14:31:29.835 INFO [main] org.apache.catalina.startup.VersionLoggerListener.log CATALINA_HOME:         C:\Users\gsantos\Desktop\LP3---Ambiente-Configurado\apache-tomcat-8.0.24
31-Aug-2016 14:31:29.835 INFO [main] org.apache.catalina.startup.VersionLoggerListener.log Command line argument: -Djava.util.logging.config.file=C:\Users\gsantos\Desktop\LP3---Ambiente-Configurado\apache-tomcat-8.0.24\conf\logging.properties
31-Aug-2016 14:31:29.836 INFO [main] org.apache.catalina.startup.VersionLoggerListener.log Command line argument: -Djava.util.logging.manager=org.apache.juli.ClassLoaderLogManager
31-Aug-2016 14:31:29.836 INFO [main] org.apache.catalina.startup.VersionLoggerListener.log Command line argument: -Djava.endorsed.dirs=C:\Users\gsantos\Desktop\LP3---Ambiente-Configurado\apache-tomcat-8.0.24\endorsed
31-Aug-2016 14:31:29.836 INFO [main] org.apache.catalina.startup.VersionLoggerListener.log Command line argument: -Dcatalina.base=C:\Users\gsantos\Desktop\LP3---Ambiente-Configurado\apache-tomcat-8.0.24
31-Aug-2016 14:31:29.837 INFO [main] org.apache.catalina.startup.VersionLoggerListener.log Command line argument: -Dcatalina.home=C:\Users\gsantos\Desktop\LP3---Ambiente-Configurado\apache-tomcat-8.0.24
31-Aug-2016 14:31:29.837 INFO [main] org.apache.catalina.startup.VersionLoggerListener.log Command line argument: -Djava.io.tmpdir=C:\Users\gsantos\Desktop\LP3---Ambiente-Configurado\apache-tomcat-8.0.24\temp
31-Aug-2016 14:31:29.838 INFO [main] org.apache.catalina.core.AprLifecycleListener.lifecycleEvent The APR based Apache Tomcat Native library which allows optimal performance in production environments was not found on the java.library.path: C:\Program Files\Java\jdk1.8.0_91\bin;C:\WINDOWS\Sun\Java\bin;C:\WINDOWS\system32;C:\WINDOWS;C:\ProgramData\Oracle\Java\javapath;C:\Program Files\Broadcom\Broadcom 802.11 Network Adapter\Driver;C:\Program Files (x86)\Intel\iCLS Client\;C:\Program Files\Intel\iCLS Client\;C:\WINDOWS\system32;C:\WINDOWS;C:\WINDOWS\System32\Wbem;C:\WINDOWS\System32\WindowsPowerShell\v1.0\;C:\Program Files\Intel\Intel(R) Management Engine Components\DAL;C:\Program Files\Intel\Intel(R) Management Engine Components\IPT;C:\Program Files (x86)\Intel\Intel(R) Management Engine Components\DAL;C:\Program Files (x86)\Intel\Intel(R) Management Engine Components\IPT;C:\Program Files\Lenovo\Bluetooth Software\;C:\Program Files\Lenovo\Bluetooth Software\syswow64;C:\Program Files\nodejs\;C:\Program Files\TortoiseGit\bin;C:\Program Files\MongoDB\Server\3.2\bin;C:\Program Files\Java\jdk1.8.0_91\bin;C:\wamp64\bin\php\php5.6.19;C:\ProgramData\ComposerSetup\bin;C:\Users\gsantos\AppData\Roaming\npm;C:\Users\gsantos\AppData\Local\Programs\Git\cmd;C:\Users\gsantos\AppData\Roaming\Composer\vendor\bin;.
31-Aug-2016 14:31:30.171 INFO [main] org.apache.coyote.AbstractProtocol.init Initializing ProtocolHandler ["http-nio-8080"]
31-Aug-2016 14:31:30.270 INFO [main] org.apache.tomcat.util.net.NioSelectorPool.getSharedSelector Using a shared selector for servlet write/read
31-Aug-2016 14:31:30.274 INFO [main] org.apache.coyote.AbstractProtocol.init Initializing ProtocolHandler ["ajp-nio-8009"]
31-Aug-2016 14:31:30.278 INFO [main] org.apache.tomcat.util.net.NioSelectorPool.getSharedSelector Using a shared selector for servlet write/read
31-Aug-2016 14:31:30.279 INFO [main] org.apache.catalina.startup.Catalina.load Initialization processed in 1227 ms
31-Aug-2016 14:31:30.343 INFO [main] org.apache.catalina.core.StandardService.startInternal Starting service Catalina
31-Aug-2016 14:31:30.344 INFO [main] org.apache.catalina.core.StandardEngine.startInternal Starting Servlet Engine: Apache Tomcat/8.0.24
31-Aug-2016 14:31:30.454 INFO [localhost-startStop-1] org.apache.catalina.startup.HostConfig.deployWAR Deploying web application archive C:\Users\gsantos\Desktop\LP3---Ambiente-Configurado\apache-tomcat-8.0.24\webapps\AppExemplo.war
31-Aug-2016 14:31:31.091 INFO [localhost-startStop-1] org.apache.catalina.startup.HostConfig.deployWAR Deployment of web application archive C:\Users\gsantos\Desktop\LP3---Ambiente-Configurado\apache-tomcat-8.0.24\webapps\AppExemplo.war has finished in 637 ms
31-Aug-2016 14:31:31.139 INFO [localhost-startStop-1] org.apache.catalina.startup.HostConfig.deployWAR Deploying web application archive C:\Users\gsantos\Desktop\LP3---Ambiente-Configurado\apache-tomcat-8.0.24\webapps\appLp3.war
31-Aug-2016 14:31:31.383 INFO [localhost-startStop-1] org.apache.catalina.startup.HostConfig.deployWAR Deployment of web application archive C:\Users\gsantos\Desktop\LP3---Ambiente-Configurado\apache-tomcat-8.0.24\webapps\appLp3.war has finished in 244 ms
31-Aug-2016 14:31:31.388 INFO [localhost-startStop-1] org.apache.catalina.startup.HostConfig.deployDirectory Deploying web application directory C:\Users\gsantos\Desktop\LP3---Ambiente-Configurado\apache-tomcat-8.0.24\webapps\docs
31-Aug-2016 14:31:31.503 INFO [localhost-startStop-1] org.apache.catalina.startup.HostConfig.deployDirectory Deployment of web application directory C:\Users\gsantos\Desktop\LP3---Ambiente-Configurado\apache-tomcat-8.0.24\webapps\docs has finished in 115 ms
31-Aug-2016 14:31:31.504 INFO [localhost-startStop-1] org.apache.catalina.startup.HostConfig.deployDirectory Deploying web application directory C:\Users\gsantos\Desktop\LP3---Ambiente-Configurado\apache-tomcat-8.0.24\webapps\examples
31-Aug-2016 14:31:34.255 INFO [localhost-startStop-1] org.apache.catalina.startup.HostConfig.deployDirectory Deployment of web application directory C:\Users\gsantos\Desktop\LP3---Ambiente-Configurado\apache-tomcat-8.0.24\webapps\examples has finished in 2,751 ms
31-Aug-2016 14:31:34.256 INFO [localhost-startStop-1] org.apache.catalina.startup.HostConfig.deployDirectory Deploying web application directory C:\Users\gsantos\Desktop\LP3---Ambiente-Configurado\apache-tomcat-8.0.24\webapps\host-manager
31-Aug-2016 14:31:34.378 INFO [localhost-startStop-1] org.apache.catalina.startup.HostConfig.deployDirectory Deployment of web application directory C:\Users\gsantos\Desktop\LP3---Ambiente-Configurado\apache-tomcat-8.0.24\webapps\host-manager has finished in 121 ms
31-Aug-2016 14:31:34.378 INFO [localhost-startStop-1] org.apache.catalina.startup.HostConfig.deployDirectory Deploying web application directory C:\Users\gsantos\Desktop\LP3---Ambiente-Configurado\apache-tomcat-8.0.24\webapps\manager
31-Aug-2016 14:31:34.508 INFO [localhost-startStop-1] org.apache.catalina.startup.HostConfig.deployDirectory Deployment of web application directory C:\Users\gsantos\Desktop\LP3---Ambiente-Configurado\apache-tomcat-8.0.24\webapps\manager has finished in 129 ms
31-Aug-2016 14:31:34.508 INFO [localhost-startStop-1] org.apache.catalina.startup.HostConfig.deployDirectory Deploying web application directory C:\Users\gsantos\Desktop\LP3---Ambiente-Configurado\apache-tomcat-8.0.24\webapps\ROOT
31-Aug-2016 14:31:34.586 INFO [localhost-startStop-1] org.apache.catalina.startup.HostConfig.deployDirectory Deployment of web application directory C:\Users\gsantos\Desktop\LP3---Ambiente-Configurado\apache-tomcat-8.0.24\webapps\ROOT has finished in 78 ms
31-Aug-2016 14:31:34.592 INFO [main] org.apache.coyote.AbstractProtocol.start Starting ProtocolHandler ["http-nio-8080"]
31-Aug-2016 14:31:34.603 INFO [main] org.apache.coyote.AbstractProtocol.start Starting ProtocolHandler ["ajp-nio-8009"]
31-Aug-2016 14:31:34.606 INFO [main] org.apache.catalina.startup.Catalina.start Server startup in 4326 ms
31-Aug-2016 14:32:11.900 INFO [http-nio-8080-exec-10] org.apache.catalina.startup.HostConfig.undeploy Undeploying context [/appLp3]
31-Aug-2016 14:32:16.913 INFO [http-nio-8080-exec-1] org.apache.catalina.startup.HostConfig.deployWAR Deploying web application archive C:\Users\gsantos\Desktop\LP3---Ambiente-Configurado\apache-tomcat-8.0.24\webapps\appLp3.war
31-Aug-2016 14:32:17.398 INFO [http-nio-8080-exec-1] org.apache.catalina.startup.HostConfig.deployWAR Deployment of web application archive C:\Users\gsantos\Desktop\LP3---Ambiente-Configurado\apache-tomcat-8.0.24\webapps\appLp3.war has finished in 484 ms
31-Aug-2016 15:39:32.944 INFO [http-nio-8080-exec-13] org.apache.catalina.startup.HostConfig.undeploy Undeploying context [/appLp3]
31-Aug-2016 15:39:45.043 INFO [http-nio-8080-exec-20] org.apache.catalina.startup.HostConfig.deployWAR Deploying web application archive C:\Users\gsantos\Desktop\LP3---Ambiente-Configurado\apache-tomcat-8.0.24\webapps\appLp3.war
31-Aug-2016 15:39:46.515 INFO [http-nio-8080-exec-20] org.apache.jasper.servlet.TldScanner.scanJars At least one JAR was scanned for TLDs yet contained no TLDs. Enable debug logging for this logger for a complete list of JARs that were scanned but no TLDs were found in them. Skipping unneeded JARs during scanning can improve startup time and JSP compilation time.
31-Aug-2016 15:39:46.526 INFO [http-nio-8080-exec-20] org.apache.catalina.startup.HostConfig.deployWAR Deployment of web application archive C:\Users\gsantos\Desktop\LP3---Ambiente-Configurado\apache-tomcat-8.0.24\webapps\appLp3.war has finished in 1,484 ms
31-Aug-2016 15:45:02.595 INFO [http-nio-8080-exec-24] org.apache.catalina.startup.HostConfig.undeploy Undeploying context [/appLp3]
31-Aug-2016 15:45:06.277 INFO [http-nio-8080-exec-26] org.apache.catalina.startup.HostConfig.deployWAR Deploying web application archive C:\Users\gsantos\Desktop\LP3---Ambiente-Configurado\apache-tomcat-8.0.24\webapps\appLp3.war
31-Aug-2016 15:45:07.259 INFO [http-nio-8080-exec-26] org.apache.jasper.servlet.TldScanner.scanJars At least one JAR was scanned for TLDs yet contained no TLDs. Enable debug logging for this logger for a complete list of JARs that were scanned but no TLDs were found in them. Skipping unneeded JARs during scanning can improve startup time and JSP compilation time.
31-Aug-2016 15:45:07.269 INFO [http-nio-8080-exec-26] org.apache.catalina.startup.HostConfig.deployWAR Deployment of web application archive C:\Users\gsantos\Desktop\LP3---Ambiente-Configurado\apache-tomcat-8.0.24\webapps\appLp3.war has finished in 992 ms
