01-Sep-2016 20:40:25.216 INFO [main] org.apache.catalina.startup.VersionLoggerListener.log Server version:        Apache Tomcat/8.0.24
01-Sep-2016 20:40:25.234 INFO [main] org.apache.catalina.startup.VersionLoggerListener.log Server built:          Jul 1 2015 20:19:55 UTC
01-Sep-2016 20:40:25.234 INFO [main] org.apache.catalina.startup.VersionLoggerListener.log Server number:         8.0.24.0
01-Sep-2016 20:40:25.234 INFO [main] org.apache.catalina.startup.VersionLoggerListener.log OS Name:               Windows 10
01-Sep-2016 20:40:25.235 INFO [main] org.apache.catalina.startup.VersionLoggerListener.log OS Version:            10.0
01-Sep-2016 20:40:25.235 INFO [main] org.apache.catalina.startup.VersionLoggerListener.log Architecture:          amd64
01-Sep-2016 20:40:25.235 INFO [main] org.apache.catalina.startup.VersionLoggerListener.log Java Home:             C:\Program Files\Java\jdk1.8.0_92\jre
01-Sep-2016 20:40:25.236 INFO [main] org.apache.catalina.startup.VersionLoggerListener.log JVM Version:           1.8.0_92-b14
01-Sep-2016 20:40:25.236 INFO [main] org.apache.catalina.startup.VersionLoggerListener.log JVM Vendor:            Oracle Corporation
01-Sep-2016 20:40:25.236 INFO [main] org.apache.catalina.startup.VersionLoggerListener.log CATALINA_BASE:         C:\Users\Gabriel\Desktop\LP3---Ambiente-Configurado\apache-tomcat-8.0.24
01-Sep-2016 20:40:25.237 INFO [main] org.apache.catalina.startup.VersionLoggerListener.log CATALINA_HOME:         C:\Users\Gabriel\Desktop\LP3---Ambiente-Configurado\apache-tomcat-8.0.24
01-Sep-2016 20:40:25.237 INFO [main] org.apache.catalina.startup.VersionLoggerListener.log Command line argument: -Djava.util.logging.config.file=C:\Users\Gabriel\Desktop\LP3---Ambiente-Configurado\apache-tomcat-8.0.24\conf\logging.properties
01-Sep-2016 20:40:25.237 INFO [main] org.apache.catalina.startup.VersionLoggerListener.log Command line argument: -Djava.util.logging.manager=org.apache.juli.ClassLoaderLogManager
01-Sep-2016 20:40:25.238 INFO [main] org.apache.catalina.startup.VersionLoggerListener.log Command line argument: -Djava.endorsed.dirs=C:\Users\Gabriel\Desktop\LP3---Ambiente-Configurado\apache-tomcat-8.0.24\endorsed
01-Sep-2016 20:40:25.238 INFO [main] org.apache.catalina.startup.VersionLoggerListener.log Command line argument: -Dcatalina.base=C:\Users\Gabriel\Desktop\LP3---Ambiente-Configurado\apache-tomcat-8.0.24
01-Sep-2016 20:40:25.238 INFO [main] org.apache.catalina.startup.VersionLoggerListener.log Command line argument: -Dcatalina.home=C:\Users\Gabriel\Desktop\LP3---Ambiente-Configurado\apache-tomcat-8.0.24
01-Sep-2016 20:40:25.239 INFO [main] org.apache.catalina.startup.VersionLoggerListener.log Command line argument: -Djava.io.tmpdir=C:\Users\Gabriel\Desktop\LP3---Ambiente-Configurado\apache-tomcat-8.0.24\temp
01-Sep-2016 20:40:25.240 INFO [main] org.apache.catalina.core.AprLifecycleListener.lifecycleEvent The APR based Apache Tomcat Native library which allows optimal performance in production environments was not found on the java.library.path: C:\Program Files\Java\jdk1.8.0_92\bin;C:\Windows\Sun\Java\bin;C:\Windows\system32;C:\Windows;C:\ProgramData\Oracle\Java\javapath;C:\Windows\system32;C:\Windows;C:\Windows\System32\Wbem;C:\Windows\System32\WindowsPowerShell\v1.0\;C:\Program Files (x86)\Skype\Phone\;C:\Windows\system32\config\systemprofile\.dnx\bin;C:\Program Files\Microsoft DNX\Dnvm\;C:\Program Files\Microsoft SQL Server\130\Tools\Binn\;C:\Program Files (x86)\MySQL\MySQL Fabric 1.5 & MySQL Utilities 1.5\;C:\Program Files (x86)\MySQL\MySQL Fabric 1.5 & MySQL Utilities 1.5\Doctrine extensions for PHP\;C:\Program Files\nodejs\;C:\Program Files\Git\cmd;C:\Program Files\TortoiseGit\bin;C:\Program Files\Java\jdk1.8.0_92;C:\Users\Gabriel\AppData\Roaming\npm;.
01-Sep-2016 20:40:26.007 INFO [main] org.apache.coyote.AbstractProtocol.init Initializing ProtocolHandler ["http-nio-8080"]
01-Sep-2016 20:40:26.347 INFO [main] org.apache.tomcat.util.net.NioSelectorPool.getSharedSelector Using a shared selector for servlet write/read
01-Sep-2016 20:40:26.347 INFO [main] org.apache.coyote.AbstractProtocol.init Initializing ProtocolHandler ["ajp-nio-8009"]
01-Sep-2016 20:40:26.347 INFO [main] org.apache.tomcat.util.net.NioSelectorPool.getSharedSelector Using a shared selector for servlet write/read
01-Sep-2016 20:40:26.363 INFO [main] org.apache.catalina.startup.Catalina.load Initialization processed in 2589 ms
01-Sep-2016 20:40:26.460 INFO [main] org.apache.catalina.core.StandardService.startInternal Starting service Catalina
01-Sep-2016 20:40:26.460 INFO [main] org.apache.catalina.core.StandardEngine.startInternal Starting Servlet Engine: Apache Tomcat/8.0.24
01-Sep-2016 20:40:26.568 INFO [localhost-startStop-1] org.apache.catalina.startup.HostConfig.deployWAR Deploying web application archive C:\Users\Gabriel\Desktop\LP3---Ambiente-Configurado\apache-tomcat-8.0.24\webapps\AppExemplo.war
01-Sep-2016 20:40:27.366 INFO [localhost-startStop-1] org.apache.catalina.startup.HostConfig.deployWAR Deployment of web application archive C:\Users\Gabriel\Desktop\LP3---Ambiente-Configurado\apache-tomcat-8.0.24\webapps\AppExemplo.war has finished in 778 ms
01-Sep-2016 20:40:27.454 INFO [localhost-startStop-1] org.apache.catalina.startup.HostConfig.deployWAR Deploying web application archive C:\Users\Gabriel\Desktop\LP3---Ambiente-Configurado\apache-tomcat-8.0.24\webapps\appLp3.war
01-Sep-2016 20:40:27.460 INFO [localhost-startStop-1] org.apache.catalina.startup.ExpandWar.expand An expanded directory [C:\Users\Gabriel\Desktop\LP3---Ambiente-Configurado\apache-tomcat-8.0.24\webapps\appLp3] was found with a last modified time that did not match the associated WAR. It will be deleted.
01-Sep-2016 20:40:28.290 INFO [localhost-startStop-1] org.apache.jasper.servlet.TldScanner.scanJars At least one JAR was scanned for TLDs yet contained no TLDs. Enable debug logging for this logger for a complete list of JARs that were scanned but no TLDs were found in them. Skipping unneeded JARs during scanning can improve startup time and JSP compilation time.
01-Sep-2016 20:40:28.396 INFO [localhost-startStop-1] org.apache.catalina.startup.HostConfig.deployWAR Deployment of web application archive C:\Users\Gabriel\Desktop\LP3---Ambiente-Configurado\apache-tomcat-8.0.24\webapps\appLp3.war has finished in 943 ms
01-Sep-2016 20:40:28.396 INFO [localhost-startStop-1] org.apache.catalina.startup.HostConfig.deployDirectory Deploying web application directory C:\Users\Gabriel\Desktop\LP3---Ambiente-Configurado\apache-tomcat-8.0.24\webapps\docs
01-Sep-2016 20:40:28.657 INFO [localhost-startStop-1] org.apache.catalina.startup.HostConfig.deployDirectory Deployment of web application directory C:\Users\Gabriel\Desktop\LP3---Ambiente-Configurado\apache-tomcat-8.0.24\webapps\docs has finished in 261 ms
01-Sep-2016 20:40:28.661 INFO [localhost-startStop-1] org.apache.catalina.startup.HostConfig.deployDirectory Deploying web application directory C:\Users\Gabriel\Desktop\LP3---Ambiente-Configurado\apache-tomcat-8.0.24\webapps\examples
01-Sep-2016 20:40:30.738 INFO [localhost-startStop-1] org.apache.catalina.startup.HostConfig.deployDirectory Deployment of web application directory C:\Users\Gabriel\Desktop\LP3---Ambiente-Configurado\apache-tomcat-8.0.24\webapps\examples has finished in 2,078 ms
01-Sep-2016 20:40:30.738 INFO [localhost-startStop-1] org.apache.catalina.startup.HostConfig.deployDirectory Deploying web application directory C:\Users\Gabriel\Desktop\LP3---Ambiente-Configurado\apache-tomcat-8.0.24\webapps\host-manager
01-Sep-2016 20:40:30.807 INFO [localhost-startStop-1] org.apache.catalina.startup.HostConfig.deployDirectory Deployment of web application directory C:\Users\Gabriel\Desktop\LP3---Ambiente-Configurado\apache-tomcat-8.0.24\webapps\host-manager has finished in 69 ms
01-Sep-2016 20:40:30.808 INFO [localhost-startStop-1] org.apache.catalina.startup.HostConfig.deployDirectory Deploying web application directory C:\Users\Gabriel\Desktop\LP3---Ambiente-Configurado\apache-tomcat-8.0.24\webapps\manager
01-Sep-2016 20:40:30.891 INFO [localhost-startStop-1] org.apache.catalina.startup.HostConfig.deployDirectory Deployment of web application directory C:\Users\Gabriel\Desktop\LP3---Ambiente-Configurado\apache-tomcat-8.0.24\webapps\manager has finished in 83 ms
01-Sep-2016 20:40:30.893 INFO [localhost-startStop-1] org.apache.catalina.startup.HostConfig.deployDirectory Deploying web application directory C:\Users\Gabriel\Desktop\LP3---Ambiente-Configurado\apache-tomcat-8.0.24\webapps\ROOT
01-Sep-2016 20:40:30.959 INFO [localhost-startStop-1] org.apache.catalina.startup.HostConfig.deployDirectory Deployment of web application directory C:\Users\Gabriel\Desktop\LP3---Ambiente-Configurado\apache-tomcat-8.0.24\webapps\ROOT has finished in 66 ms
01-Sep-2016 20:40:30.965 INFO [main] org.apache.coyote.AbstractProtocol.start Starting ProtocolHandler ["http-nio-8080"]
01-Sep-2016 20:40:30.975 INFO [main] org.apache.coyote.AbstractProtocol.start Starting ProtocolHandler ["ajp-nio-8009"]
01-Sep-2016 20:40:30.978 INFO [main] org.apache.catalina.startup.Catalina.start Server startup in 4615 ms
