05-Sep-2016 00:32:06.555 INFO [http-nio-8080-exec-62] org.apache.catalina.core.ApplicationContext.log HTMLManager: list: Listing contexts for virtual host 'localhost'
05-Sep-2016 00:37:26.386 INFO [http-nio-8080-exec-63] org.apache.catalina.core.ApplicationContext.log HTMLManager: undeploy: Undeploying web application at '/appLp3'
05-Sep-2016 00:37:41.467 INFO [http-nio-8080-exec-66] org.apache.catalina.core.ApplicationContext.log HTMLManager: list: Listing contexts for virtual host 'localhost'
05-Sep-2016 00:37:50.940 INFO [http-nio-8080-exec-61] org.apache.catalina.core.ApplicationContext.log HTMLManager: list: Listing contexts for virtual host 'localhost'
05-Sep-2016 00:37:52.652 INFO [http-nio-8080-exec-62] org.apache.catalina.core.ApplicationContext.log HTMLManager: list: Listing contexts for virtual host 'localhost'
05-Sep-2016 00:37:57.283 INFO [http-nio-8080-exec-64] org.apache.catalina.core.ApplicationContext.log HTMLManager: list: Listing contexts for virtual host 'localhost'
05-Sep-2016 00:38:03.645 INFO [http-nio-8080-exec-65] org.apache.catalina.core.ApplicationContext.log HTMLManager: undeploy: Undeploying web application at '/appLp3'
05-Sep-2016 00:38:03.646 INFO [http-nio-8080-exec-65] org.apache.catalina.core.ApplicationContext.log HTMLManager: list: Listing contexts for virtual host 'localhost'
05-Sep-2016 00:38:06.904 INFO [http-nio-8080-exec-66] org.apache.catalina.core.ApplicationContext.log HTMLManager: undeploy: Undeploying web application at '/appLp3'
05-Sep-2016 00:38:06.904 INFO [http-nio-8080-exec-66] org.apache.catalina.core.ApplicationContext.log HTMLManager: list: Listing contexts for virtual host 'localhost'
05-Sep-2016 00:38:13.336 INFO [http-nio-8080-exec-67] org.apache.catalina.core.ApplicationContext.log HTMLManager: undeploy: Undeploying web application at '/appLp3'
05-Sep-2016 00:38:13.338 INFO [http-nio-8080-exec-67] org.apache.catalina.core.ApplicationContext.log HTMLManager: list: Listing contexts for virtual host 'localhost'
05-Sep-2016 00:38:20.566 INFO [http-nio-8080-exec-62] org.apache.catalina.core.ApplicationContext.log HTMLManager: list: Listing contexts for virtual host 'localhost'
05-Sep-2016 00:38:31.063 INFO [http-nio-8080-exec-64] org.apache.catalina.core.ApplicationContext.log HTMLManager: sessions: Session action 'null' for web application '/appLp3'
05-Sep-2016 00:38:37.188 INFO [http-nio-8080-exec-65] org.apache.catalina.core.ApplicationContext.log HTMLManager: sessions: Session action 'invalidateSessions' for web application '/appLp3'
05-Sep-2016 00:38:37.188 INFO [http-nio-8080-exec-65] org.apache.catalina.core.ApplicationContext.log HTMLManager: Invalidating session id 6D66606039566B2622A1BCD58EC7C5A3
05-Sep-2016 00:38:38.784 INFO [http-nio-8080-exec-66] org.apache.catalina.core.ApplicationContext.log HTMLManager: list: Listing contexts for virtual host 'localhost'
05-Sep-2016 00:38:42.242 INFO [http-nio-8080-exec-67] org.apache.catalina.core.ApplicationContext.log HTMLManager: undeploy: Undeploying web application at '/appLp3'
05-Sep-2016 00:38:42.243 INFO [http-nio-8080-exec-67] org.apache.catalina.core.ApplicationContext.log HTMLManager: list: Listing contexts for virtual host 'localhost'
05-Sep-2016 00:38:51.291 INFO [http-nio-8080-exec-61] org.apache.catalina.core.ApplicationContext.log HTMLManager: list: Listing contexts for virtual host 'localhost'
05-Sep-2016 00:42:38.407 INFO [http-nio-8080-exec-2] org.apache.catalina.core.ApplicationContext.log HTMLManager: init: Associated with Deployer 'Catalina:type=Deployer,host=localhost'
05-Sep-2016 00:42:38.407 INFO [http-nio-8080-exec-2] org.apache.catalina.core.ApplicationContext.log HTMLManager: init: Global resources are available
05-Sep-2016 00:42:38.484 INFO [http-nio-8080-exec-2] org.apache.catalina.core.ApplicationContext.log HTMLManager: list: Listing contexts for virtual host 'localhost'
05-Sep-2016 00:42:41.593 INFO [http-nio-8080-exec-3] org.apache.catalina.core.ApplicationContext.log HTMLManager: undeploy: Undeploying web application at '/appLp3'
05-Sep-2016 00:42:42.219 INFO [http-nio-8080-exec-3] org.apache.catalina.core.ApplicationContext.log HTMLManager: list: Listing contexts for virtual host 'localhost'
05-Sep-2016 00:42:49.310 INFO [http-nio-8080-exec-5] org.apache.catalina.core.ApplicationContext.log HTMLManager: list: Listing contexts for virtual host 'localhost'
